2019-09-05 08:39:11 INFO  [com.sagereal.provider.test.MailTest] Starting MailTest on liaowenxing-ThinkStation-P310 with PID 4626 (started by liaowenxing in /home/liaowenxing/workspace/provider)
2019-09-05 08:39:11 INFO  [com.sagereal.provider.test.MailTest] No active profile set, falling back to default profiles: default
2019-09-05 08:39:13 WARN  [org.mybatis.spring.mapper.ClassPathMapperScanner] No MyBatis mapper was found in '[com.sagereal.provider.test, com.sagereal.provider]' package. Please check your configuration.
2019-09-05 08:39:13 INFO  [org.springframework.data.repository.config.RepositoryConfigurationDelegate] Bootstrapping Spring Data repositories in DEFAULT mode.
2019-09-05 08:39:13 INFO  [org.springframework.data.repository.config.RepositoryConfigurationDelegate] Finished Spring Data repository scanning in 61ms. Found 2 repository interfaces.
2019-09-05 08:39:14 INFO  [org.springframework.context.support.PostProcessorRegistrationDelegate$BeanPostProcessorChecker] Bean 'org.springframework.transaction.annotation.ProxyTransactionManagementConfiguration' of type [org.springframework.transaction.annotation.ProxyTransactionManagementConfiguration$$EnhancerBySpringCGLIB$$70dfb899] is not eligible for getting processed by all BeanPostProcessors (for example: not eligible for auto-proxying)
2019-09-05 08:39:14 INFO  [com.zaxxer.hikari.HikariDataSource] HikariPool-1 - Starting...
2019-09-05 08:39:14 INFO  [com.zaxxer.hikari.HikariDataSource] HikariPool-1 - Start completed.
2019-09-05 08:39:14 INFO  [org.hibernate.jpa.internal.util.LogHelper] HHH000204: Processing PersistenceUnitInfo [
	name: default
	...]
2019-09-05 08:39:14 INFO  [org.hibernate.Version] HHH000412: Hibernate Core {5.3.10.Final}
2019-09-05 08:39:14 INFO  [org.hibernate.cfg.Environment] HHH000206: hibernate.properties not found
2019-09-05 08:39:14 INFO  [org.hibernate.annotations.common.Version] HCANN000001: Hibernate Commons Annotations {5.0.4.Final}
2019-09-05 08:39:15 INFO  [org.hibernate.dialect.Dialect] HHH000400: Using dialect: org.hibernate.dialect.H2Dialect
2019-09-05 08:39:15 INFO  [org.springframework.orm.jpa.LocalContainerEntityManagerFactoryBean] Initialized JPA EntityManagerFactory for persistence unit 'default'
2019-09-05 08:39:18 INFO  [org.hibernate.hql.internal.QueryTranslatorFactoryInitiator] HHH000397: Using ASTQueryTranslatorFactory
2019-09-05 08:39:18 INFO  [org.springframework.scheduling.concurrent.ThreadPoolTaskExecutor] Initializing ExecutorService 'applicationTaskExecutor'
2019-09-05 08:39:19 WARN  [org.springframework.boot.autoconfigure.orm.jpa.JpaBaseConfiguration$JpaWebConfiguration$JpaWebMvcConfiguration] spring.jpa.open-in-view is enabled by default. Therefore, database queries may be performed during view rendering. Explicitly configure spring.jpa.open-in-view to disable this warning
2019-09-05 08:39:19 INFO  [org.springframework.scheduling.concurrent.ThreadPoolTaskScheduler] Initializing ExecutorService 'taskScheduler'
2019-09-05 08:39:19 INFO  [com.sagereal.provider.test.MailTest] Started MailTest in 9.188 seconds (JVM running for 11.85)
2019-09-05 08:41:27 INFO  [org.springframework.scheduling.concurrent.ThreadPoolTaskScheduler] Shutting down ExecutorService 'taskScheduler'
2019-09-05 08:41:27 INFO  [org.springframework.scheduling.concurrent.ThreadPoolTaskExecutor] Shutting down ExecutorService 'applicationTaskExecutor'
2019-09-05 08:41:27 INFO  [org.springframework.orm.jpa.LocalContainerEntityManagerFactoryBean] Closing JPA EntityManagerFactory for persistence unit 'default'
2019-09-05 08:41:27 INFO  [com.zaxxer.hikari.HikariDataSource] HikariPool-1 - Shutdown initiated...
2019-09-05 08:41:27 INFO  [com.zaxxer.hikari.HikariDataSource] HikariPool-1 - Shutdown completed.
2019-09-05 08:47:23 INFO  [com.sagereal.provider.test.MailTest] Starting MailTest on liaowenxing-ThinkStation-P310 with PID 4823 (started by liaowenxing in /home/liaowenxing/workspace/provider)
2019-09-05 08:47:23 INFO  [com.sagereal.provider.test.MailTest] No active profile set, falling back to default profiles: default
2019-09-05 08:47:25 WARN  [org.mybatis.spring.mapper.ClassPathMapperScanner] No MyBatis mapper was found in '[com.sagereal.provider.test, com.sagereal.provider]' package. Please check your configuration.
2019-09-05 08:47:25 INFO  [org.springframework.data.repository.config.RepositoryConfigurationDelegate] Bootstrapping Spring Data repositories in DEFAULT mode.
2019-09-05 08:47:25 INFO  [org.springframework.data.repository.config.RepositoryConfigurationDelegate] Finished Spring Data repository scanning in 44ms. Found 2 repository interfaces.
2019-09-05 08:47:26 INFO  [org.springframework.context.support.PostProcessorRegistrationDelegate$BeanPostProcessorChecker] Bean 'org.springframework.transaction.annotation.ProxyTransactionManagementConfiguration' of type [org.springframework.transaction.annotation.ProxyTransactionManagementConfiguration$$EnhancerBySpringCGLIB$$a343b8eb] is not eligible for getting processed by all BeanPostProcessors (for example: not eligible for auto-proxying)
2019-09-05 08:47:26 INFO  [com.zaxxer.hikari.HikariDataSource] HikariPool-1 - Starting...
2019-09-05 08:47:27 INFO  [com.zaxxer.hikari.HikariDataSource] HikariPool-1 - Start completed.
2019-09-05 08:47:27 INFO  [org.hibernate.jpa.internal.util.LogHelper] HHH000204: Processing PersistenceUnitInfo [
	name: default
	...]
2019-09-05 08:47:27 INFO  [org.hibernate.Version] HHH000412: Hibernate Core {5.3.10.Final}
2019-09-05 08:47:27 INFO  [org.hibernate.cfg.Environment] HHH000206: hibernate.properties not found
2019-09-05 08:47:27 INFO  [org.hibernate.annotations.common.Version] HCANN000001: Hibernate Commons Annotations {5.0.4.Final}
2019-09-05 08:47:27 INFO  [org.hibernate.dialect.Dialect] HHH000400: Using dialect: org.hibernate.dialect.H2Dialect
2019-09-05 08:47:28 INFO  [org.springframework.orm.jpa.LocalContainerEntityManagerFactoryBean] Initialized JPA EntityManagerFactory for persistence unit 'default'
2019-09-05 08:47:31 INFO  [org.hibernate.hql.internal.QueryTranslatorFactoryInitiator] HHH000397: Using ASTQueryTranslatorFactory
2019-09-05 08:47:31 INFO  [org.springframework.scheduling.concurrent.ThreadPoolTaskExecutor] Initializing ExecutorService 'applicationTaskExecutor'
2019-09-05 08:47:32 WARN  [org.springframework.boot.autoconfigure.orm.jpa.JpaBaseConfiguration$JpaWebConfiguration$JpaWebMvcConfiguration] spring.jpa.open-in-view is enabled by default. Therefore, database queries may be performed during view rendering. Explicitly configure spring.jpa.open-in-view to disable this warning
2019-09-05 08:47:32 INFO  [org.springframework.scheduling.concurrent.ThreadPoolTaskScheduler] Initializing ExecutorService 'taskScheduler'
2019-09-05 08:47:32 INFO  [com.sagereal.provider.test.MailTest] Started MailTest in 9.535 seconds (JVM running for 12.899)
2019-09-05 08:49:40 INFO  [org.springframework.scheduling.concurrent.ThreadPoolTaskScheduler] Shutting down ExecutorService 'taskScheduler'
2019-09-05 08:49:40 INFO  [org.springframework.scheduling.concurrent.ThreadPoolTaskExecutor] Shutting down ExecutorService 'applicationTaskExecutor'
2019-09-05 08:49:40 INFO  [org.springframework.orm.jpa.LocalContainerEntityManagerFactoryBean] Closing JPA EntityManagerFactory for persistence unit 'default'
2019-09-05 08:49:40 INFO  [com.zaxxer.hikari.HikariDataSource] HikariPool-1 - Shutdown initiated...
2019-09-05 08:49:40 INFO  [com.zaxxer.hikari.HikariDataSource] HikariPool-1 - Shutdown completed.
2019-09-05 08:56:31 INFO  [com.sagereal.provider.test.MailTest] Starting MailTest on liaowenxing-ThinkStation-P310 with PID 5004 (started by liaowenxing in /home/liaowenxing/workspace/provider)
2019-09-05 08:56:31 INFO  [com.sagereal.provider.test.MailTest] No active profile set, falling back to default profiles: default
2019-09-05 08:56:33 WARN  [org.mybatis.spring.mapper.ClassPathMapperScanner] No MyBatis mapper was found in '[com.sagereal.provider.test, com.sagereal.provider]' package. Please check your configuration.
2019-09-05 08:56:33 INFO  [org.springframework.data.repository.config.RepositoryConfigurationDelegate] Bootstrapping Spring Data repositories in DEFAULT mode.
2019-09-05 08:56:33 INFO  [org.springframework.data.repository.config.RepositoryConfigurationDelegate] Finished Spring Data repository scanning in 69ms. Found 2 repository interfaces.
2019-09-05 08:56:33 INFO  [org.springframework.context.support.PostProcessorRegistrationDelegate$BeanPostProcessorChecker] Bean 'org.springframework.transaction.annotation.ProxyTransactionManagementConfiguration' of type [org.springframework.transaction.annotation.ProxyTransactionManagementConfiguration$$EnhancerBySpringCGLIB$$70dfb899] is not eligible for getting processed by all BeanPostProcessors (for example: not eligible for auto-proxying)
2019-09-05 08:56:34 INFO  [com.zaxxer.hikari.HikariDataSource] HikariPool-1 - Starting...
2019-09-05 08:56:34 INFO  [com.zaxxer.hikari.HikariDataSource] HikariPool-1 - Start completed.
2019-09-05 08:56:34 INFO  [org.hibernate.jpa.internal.util.LogHelper] HHH000204: Processing PersistenceUnitInfo [
	name: default
	...]
2019-09-05 08:56:34 INFO  [org.hibernate.Version] HHH000412: Hibernate Core {5.3.10.Final}
2019-09-05 08:56:34 INFO  [org.hibernate.cfg.Environment] HHH000206: hibernate.properties not found
2019-09-05 08:56:34 INFO  [org.hibernate.annotations.common.Version] HCANN000001: Hibernate Commons Annotations {5.0.4.Final}
2019-09-05 08:56:34 INFO  [org.hibernate.dialect.Dialect] HHH000400: Using dialect: org.hibernate.dialect.H2Dialect
2019-09-05 08:56:35 INFO  [org.springframework.orm.jpa.LocalContainerEntityManagerFactoryBean] Initialized JPA EntityManagerFactory for persistence unit 'default'
2019-09-05 08:56:38 INFO  [org.hibernate.hql.internal.QueryTranslatorFactoryInitiator] HHH000397: Using ASTQueryTranslatorFactory
2019-09-05 08:56:38 INFO  [org.springframework.scheduling.concurrent.ThreadPoolTaskExecutor] Initializing ExecutorService 'applicationTaskExecutor'
2019-09-05 08:56:39 WARN  [org.springframework.boot.autoconfigure.orm.jpa.JpaBaseConfiguration$JpaWebConfiguration$JpaWebMvcConfiguration] spring.jpa.open-in-view is enabled by default. Therefore, database queries may be performed during view rendering. Explicitly configure spring.jpa.open-in-view to disable this warning
2019-09-05 08:56:40 INFO  [org.springframework.scheduling.concurrent.ThreadPoolTaskScheduler] Initializing ExecutorService 'taskScheduler'
2019-09-05 08:56:40 INFO  [com.sagereal.provider.test.MailTest] Started MailTest in 9.374 seconds (JVM running for 12.874)
2019-09-05 08:58:00 INFO  [org.springframework.scheduling.concurrent.ThreadPoolTaskScheduler] Shutting down ExecutorService 'taskScheduler'
2019-09-05 08:58:00 INFO  [org.springframework.scheduling.concurrent.ThreadPoolTaskExecutor] Shutting down ExecutorService 'applicationTaskExecutor'
2019-09-05 08:58:00 INFO  [org.springframework.orm.jpa.LocalContainerEntityManagerFactoryBean] Closing JPA EntityManagerFactory for persistence unit 'default'
2019-09-05 08:58:00 INFO  [com.zaxxer.hikari.HikariDataSource] HikariPool-1 - Shutdown initiated...
2019-09-05 08:58:00 INFO  [com.zaxxer.hikari.HikariDataSource] HikariPool-1 - Shutdown completed.
2019-09-05 08:59:15 INFO  [com.sagereal.provider.test.MailTest] Starting MailTest on liaowenxing-ThinkStation-P310 with PID 5208 (started by liaowenxing in /home/liaowenxing/workspace/provider)
2019-09-05 08:59:15 INFO  [com.sagereal.provider.test.MailTest] No active profile set, falling back to default profiles: default
2019-09-05 08:59:17 WARN  [org.mybatis.spring.mapper.ClassPathMapperScanner] No MyBatis mapper was found in '[com.sagereal.provider.test, com.sagereal.provider]' package. Please check your configuration.
2019-09-05 08:59:17 INFO  [org.springframework.data.repository.config.RepositoryConfigurationDelegate] Bootstrapping Spring Data repositories in DEFAULT mode.
2019-09-05 08:59:17 INFO  [org.springframework.data.repository.config.RepositoryConfigurationDelegate] Finished Spring Data repository scanning in 47ms. Found 2 repository interfaces.
2019-09-05 08:59:18 INFO  [org.springframework.context.support.PostProcessorRegistrationDelegate$BeanPostProcessorChecker] Bean 'org.springframework.transaction.annotation.ProxyTransactionManagementConfiguration' of type [org.springframework.transaction.annotation.ProxyTransactionManagementConfiguration$$EnhancerBySpringCGLIB$$e70be075] is not eligible for getting processed by all BeanPostProcessors (for example: not eligible for auto-proxying)
2019-09-05 08:59:18 INFO  [com.zaxxer.hikari.HikariDataSource] HikariPool-1 - Starting...
2019-09-05 08:59:19 INFO  [com.zaxxer.hikari.HikariDataSource] HikariPool-1 - Start completed.
2019-09-05 08:59:19 INFO  [org.hibernate.jpa.internal.util.LogHelper] HHH000204: Processing PersistenceUnitInfo [
	name: default
	...]
2019-09-05 08:59:19 INFO  [org.hibernate.Version] HHH000412: Hibernate Core {5.3.10.Final}
2019-09-05 08:59:19 INFO  [org.hibernate.cfg.Environment] HHH000206: hibernate.properties not found
2019-09-05 08:59:19 INFO  [org.hibernate.annotations.common.Version] HCANN000001: Hibernate Commons Annotations {5.0.4.Final}
2019-09-05 08:59:19 INFO  [org.hibernate.dialect.Dialect] HHH000400: Using dialect: org.hibernate.dialect.H2Dialect
2019-09-05 08:59:20 INFO  [org.springframework.orm.jpa.LocalContainerEntityManagerFactoryBean] Initialized JPA EntityManagerFactory for persistence unit 'default'
2019-09-05 08:59:22 INFO  [org.hibernate.hql.internal.QueryTranslatorFactoryInitiator] HHH000397: Using ASTQueryTranslatorFactory
2019-09-05 08:59:22 INFO  [org.springframework.scheduling.concurrent.ThreadPoolTaskExecutor] Initializing ExecutorService 'applicationTaskExecutor'
2019-09-05 08:59:23 WARN  [org.springframework.boot.autoconfigure.orm.jpa.JpaBaseConfiguration$JpaWebConfiguration$JpaWebMvcConfiguration] spring.jpa.open-in-view is enabled by default. Therefore, database queries may be performed during view rendering. Explicitly configure spring.jpa.open-in-view to disable this warning
2019-09-05 08:59:24 INFO  [org.springframework.scheduling.concurrent.ThreadPoolTaskScheduler] Initializing ExecutorService 'taskScheduler'
2019-09-05 08:59:24 INFO  [com.sagereal.provider.test.MailTest] Started MailTest in 9.328 seconds (JVM running for 13.14)
2019-09-05 08:59:24 INFO  [org.springframework.scheduling.concurrent.ThreadPoolTaskScheduler] Shutting down ExecutorService 'taskScheduler'
2019-09-05 08:59:24 INFO  [org.springframework.scheduling.concurrent.ThreadPoolTaskExecutor] Shutting down ExecutorService 'applicationTaskExecutor'
2019-09-05 08:59:24 INFO  [org.springframework.orm.jpa.LocalContainerEntityManagerFactoryBean] Closing JPA EntityManagerFactory for persistence unit 'default'
2019-09-05 08:59:24 INFO  [com.zaxxer.hikari.HikariDataSource] HikariPool-1 - Shutdown initiated...
2019-09-05 08:59:24 INFO  [com.zaxxer.hikari.HikariDataSource] HikariPool-1 - Shutdown completed.
2019-09-05 09:14:49 INFO  [com.sagereal.provider.test.MailTest] Starting MailTest on liaowenxing-ThinkStation-P310 with PID 6129 (started by liaowenxing in /home/liaowenxing/workspace/provider)
2019-09-05 09:14:49 INFO  [com.sagereal.provider.test.MailTest] No active profile set, falling back to default profiles: default
2019-09-05 09:14:51 WARN  [org.mybatis.spring.mapper.ClassPathMapperScanner] No MyBatis mapper was found in '[com.sagereal.provider.test, com.sagereal.provider]' package. Please check your configuration.
2019-09-05 09:14:51 INFO  [org.springframework.data.repository.config.RepositoryConfigurationDelegate] Bootstrapping Spring Data repositories in DEFAULT mode.
2019-09-05 09:14:51 INFO  [org.springframework.data.repository.config.RepositoryConfigurationDelegate] Finished Spring Data repository scanning in 68ms. Found 2 repository interfaces.
2019-09-05 09:14:52 INFO  [org.springframework.context.support.PostProcessorRegistrationDelegate$BeanPostProcessorChecker] Bean 'org.springframework.transaction.annotation.ProxyTransactionManagementConfiguration' of type [org.springframework.transaction.annotation.ProxyTransactionManagementConfiguration$$EnhancerBySpringCGLIB$$1c62f4d0] is not eligible for getting processed by all BeanPostProcessors (for example: not eligible for auto-proxying)
2019-09-05 09:14:52 INFO  [com.zaxxer.hikari.HikariDataSource] HikariPool-1 - Starting...
2019-09-05 09:14:52 INFO  [com.zaxxer.hikari.HikariDataSource] HikariPool-1 - Start completed.
2019-09-05 09:14:52 INFO  [org.hibernate.jpa.internal.util.LogHelper] HHH000204: Processing PersistenceUnitInfo [
	name: default
	...]
2019-09-05 09:14:52 INFO  [org.hibernate.Version] HHH000412: Hibernate Core {5.3.10.Final}
2019-09-05 09:14:52 INFO  [org.hibernate.cfg.Environment] HHH000206: hibernate.properties not found
2019-09-05 09:14:53 INFO  [org.hibernate.annotations.common.Version] HCANN000001: Hibernate Commons Annotations {5.0.4.Final}
2019-09-05 09:14:53 INFO  [org.hibernate.dialect.Dialect] HHH000400: Using dialect: org.hibernate.dialect.H2Dialect
2019-09-05 09:14:53 INFO  [org.springframework.orm.jpa.LocalContainerEntityManagerFactoryBean] Initialized JPA EntityManagerFactory for persistence unit 'default'
2019-09-05 09:14:56 INFO  [org.hibernate.hql.internal.QueryTranslatorFactoryInitiator] HHH000397: Using ASTQueryTranslatorFactory
2019-09-05 09:14:56 INFO  [org.springframework.scheduling.concurrent.ThreadPoolTaskExecutor] Initializing ExecutorService 'applicationTaskExecutor'
2019-09-05 09:14:57 WARN  [org.springframework.boot.autoconfigure.orm.jpa.JpaBaseConfiguration$JpaWebConfiguration$JpaWebMvcConfiguration] spring.jpa.open-in-view is enabled by default. Therefore, database queries may be performed during view rendering. Explicitly configure spring.jpa.open-in-view to disable this warning
2019-09-05 09:17:04 WARN  [org.springframework.web.context.support.GenericWebApplicationContext] Exception encountered during context initialization - cancelling refresh attempt: org.springframework.beans.factory.BeanCreationException: Error creating bean with name 'org.springframework.boot.autoconfigure.mail.MailSenderValidatorAutoConfiguration': Invocation of init method failed; nested exception is java.lang.IllegalStateException: Mail server is not available
2019-09-05 09:17:04 INFO  [org.springframework.scheduling.concurrent.ThreadPoolTaskExecutor] Shutting down ExecutorService 'applicationTaskExecutor'
2019-09-05 09:17:04 INFO  [org.springframework.orm.jpa.LocalContainerEntityManagerFactoryBean] Closing JPA EntityManagerFactory for persistence unit 'default'
2019-09-05 09:17:04 INFO  [com.zaxxer.hikari.HikariDataSource] HikariPool-1 - Shutdown initiated...
2019-09-05 09:17:05 INFO  [com.zaxxer.hikari.HikariDataSource] HikariPool-1 - Shutdown completed.
2019-09-05 09:17:05 INFO  [org.springframework.boot.autoconfigure.logging.ConditionEvaluationReportLoggingListener] 

Error starting ApplicationContext. To display the conditions report re-run your application with 'debug' enabled.
2019-09-05 09:17:05 ERROR [org.springframework.boot.SpringApplication] Application run failed
org.springframework.beans.factory.BeanCreationException: Error creating bean with name 'org.springframework.boot.autoconfigure.mail.MailSenderValidatorAutoConfiguration': Invocation of init method failed; nested exception is java.lang.IllegalStateException: Mail server is not available
	at org.springframework.beans.factory.annotation.InitDestroyAnnotationBeanPostProcessor.postProcessBeforeInitialization(InitDestroyAnnotationBeanPostProcessor.java:139)
	at org.springframework.beans.factory.support.AbstractAutowireCapableBeanFactory.applyBeanPostProcessorsBeforeInitialization(AbstractAutowireCapableBeanFactory.java:414)
	at org.springframework.beans.factory.support.AbstractAutowireCapableBeanFactory.initializeBean(AbstractAutowireCapableBeanFactory.java:1770)
	at org.springframework.beans.factory.support.AbstractAutowireCapableBeanFactory.doCreateBean(AbstractAutowireCapableBeanFactory.java:593)
	at org.springframework.beans.factory.support.AbstractAutowireCapableBeanFactory.createBean(AbstractAutowireCapableBeanFactory.java:515)
	at org.springframework.beans.factory.support.AbstractBeanFactory.lambda$doGetBean$0(AbstractBeanFactory.java:320)
	at org.springframework.beans.factory.support.DefaultSingletonBeanRegistry.getSingleton(DefaultSingletonBeanRegistry.java:222)
	at org.springframework.beans.factory.support.AbstractBeanFactory.doGetBean(AbstractBeanFactory.java:318)
	at org.springframework.beans.factory.support.AbstractBeanFactory.getBean(AbstractBeanFactory.java:199)
	at org.springframework.beans.factory.support.DefaultListableBeanFactory.preInstantiateSingletons(DefaultListableBeanFactory.java:843)
	at org.springframework.context.support.AbstractApplicationContext.finishBeanFactoryInitialization(AbstractApplicationContext.java:877)
	at org.springframework.context.support.AbstractApplicationContext.refresh(AbstractApplicationContext.java:549)
	at org.springframework.boot.SpringApplication.refresh(SpringApplication.java:775)
	at org.springframework.boot.SpringApplication.refreshContext(SpringApplication.java:397)
	at org.springframework.boot.SpringApplication.run(SpringApplication.java:316)
	at org.springframework.boot.test.context.SpringBootContextLoader.loadContext(SpringBootContextLoader.java:127)
	at org.springframework.test.context.cache.DefaultCacheAwareContextLoaderDelegate.loadContextInternal(DefaultCacheAwareContextLoaderDelegate.java:99)
	at org.springframework.test.context.cache.DefaultCacheAwareContextLoaderDelegate.loadContext(DefaultCacheAwareContextLoaderDelegate.java:117)
	at org.springframework.test.context.support.DefaultTestContext.getApplicationContext(DefaultTestContext.java:108)
	at org.springframework.test.context.web.ServletTestExecutionListener.setUpRequestContextIfNecessary(ServletTestExecutionListener.java:190)
	at org.springframework.test.context.web.ServletTestExecutionListener.prepareTestInstance(ServletTestExecutionListener.java:132)
	at org.springframework.test.context.TestContextManager.prepareTestInstance(TestContextManager.java:246)
	at org.springframework.test.context.junit4.SpringJUnit4ClassRunner.createTest(SpringJUnit4ClassRunner.java:227)
	at org.springframework.test.context.junit4.SpringJUnit4ClassRunner$1.runReflectiveCall(SpringJUnit4ClassRunner.java:289)
	at org.junit.internal.runners.model.ReflectiveCallable.run(ReflectiveCallable.java:12)
	at org.springframework.test.context.junit4.SpringJUnit4ClassRunner.methodBlock(SpringJUnit4ClassRunner.java:291)
	at org.springframework.test.context.junit4.SpringJUnit4ClassRunner.runChild(SpringJUnit4ClassRunner.java:246)
	at org.springframework.test.context.junit4.SpringJUnit4ClassRunner.runChild(SpringJUnit4ClassRunner.java:97)
	at org.junit.runners.ParentRunner$3.run(ParentRunner.java:290)
	at org.junit.runners.ParentRunner$1.schedule(ParentRunner.java:71)
	at org.junit.runners.ParentRunner.runChildren(ParentRunner.java:288)
	at org.junit.runners.ParentRunner.access$000(ParentRunner.java:58)
	at org.junit.runners.ParentRunner$2.evaluate(ParentRunner.java:268)
	at org.springframework.test.context.junit4.statements.RunBeforeTestClassCallbacks.evaluate(RunBeforeTestClassCallbacks.java:61)
	at org.springframework.test.context.junit4.statements.RunAfterTestClassCallbacks.evaluate(RunAfterTestClassCallbacks.java:70)
	at org.junit.runners.ParentRunner.run(ParentRunner.java:363)
	at org.springframework.test.context.junit4.SpringJUnit4ClassRunner.run(SpringJUnit4ClassRunner.java:190)
	at org.junit.runner.JUnitCore.run(JUnitCore.java:137)
	at com.intellij.junit4.JUnit4IdeaTestRunner.startRunnerWithArgs(JUnit4IdeaTestRunner.java:68)
	at com.intellij.rt.execution.junit.IdeaTestRunner$Repeater.startRunnerWithArgs(IdeaTestRunner.java:47)
	at com.intellij.rt.execution.junit.JUnitStarter.prepareStreamsAndStart(JUnitStarter.java:242)
	at com.intellij.rt.execution.junit.JUnitStarter.main(JUnitStarter.java:70)
Caused by: java.lang.IllegalStateException: Mail server is not available
	at org.springframework.boot.autoconfigure.mail.MailSenderValidatorAutoConfiguration.validateConnection(MailSenderValidatorAutoConfiguration.java:55)
	at sun.reflect.NativeMethodAccessorImpl.invoke0(Native Method)
	at sun.reflect.NativeMethodAccessorImpl.invoke(NativeMethodAccessorImpl.java:62)
	at sun.reflect.DelegatingMethodAccessorImpl.invoke(DelegatingMethodAccessorImpl.java:43)
	at java.lang.reflect.Method.invoke(Method.java:498)
	at org.springframework.beans.factory.annotation.InitDestroyAnnotationBeanPostProcessor$LifecycleElement.invoke(InitDestroyAnnotationBeanPostProcessor.java:363)
	at org.springframework.beans.factory.annotation.InitDestroyAnnotationBeanPostProcessor$LifecycleMetadata.invokeInitMethods(InitDestroyAnnotationBeanPostProcessor.java:307)
	at org.springframework.beans.factory.annotation.InitDestroyAnnotationBeanPostProcessor.postProcessBeforeInitialization(InitDestroyAnnotationBeanPostProcessor.java:136)
	... 41 common frames omitted
Caused by: com.sun.mail.util.MailConnectException: Couldn't connect to host, port: smtp.sagereal.com, 25; timeout -1
	at com.sun.mail.smtp.SMTPTransport.openServer(SMTPTransport.java:2209)
	at com.sun.mail.smtp.SMTPTransport.protocolConnect(SMTPTransport.java:740)
	at javax.mail.Service.connect(Service.java:366)
	at org.springframework.mail.javamail.JavaMailSenderImpl.connectTransport(JavaMailSenderImpl.java:517)
	at org.springframework.mail.javamail.JavaMailSenderImpl.testConnection(JavaMailSenderImpl.java:397)
	at org.springframework.boot.autoconfigure.mail.MailSenderValidatorAutoConfiguration.validateConnection(MailSenderValidatorAutoConfiguration.java:52)
	... 48 common frames omitted
Caused by: java.net.ConnectException: 连接超时 (Connection timed out)
	at java.net.PlainSocketImpl.socketConnect(Native Method)
	at java.net.AbstractPlainSocketImpl.doConnect(AbstractPlainSocketImpl.java:350)
	at java.net.AbstractPlainSocketImpl.connectToAddress(AbstractPlainSocketImpl.java:206)
	at java.net.AbstractPlainSocketImpl.connect(AbstractPlainSocketImpl.java:188)
	at java.net.SocksSocketImpl.connect(SocksSocketImpl.java:392)
	at java.net.Socket.connect(Socket.java:589)
	at java.net.Socket.connect(Socket.java:538)
	at com.sun.mail.util.SocketFetcher.createSocket(SocketFetcher.java:359)
	at com.sun.mail.util.SocketFetcher.getSocket(SocketFetcher.java:238)
	at com.sun.mail.smtp.SMTPTransport.openServer(SMTPTransport.java:2175)
	... 53 common frames omitted
2019-09-05 09:17:05 ERROR [org.springframework.test.context.TestContextManager] Caught exception while allowing TestExecutionListener [org.springframework.test.context.web.ServletTestExecutionListener@7193666c] to prepare test instance [com.sagereal.provider.test.MailTest@4fedf908]
java.lang.IllegalStateException: Failed to load ApplicationContext
	at org.springframework.test.context.cache.DefaultCacheAwareContextLoaderDelegate.loadContext(DefaultCacheAwareContextLoaderDelegate.java:125)
	at org.springframework.test.context.support.DefaultTestContext.getApplicationContext(DefaultTestContext.java:108)
	at org.springframework.test.context.web.ServletTestExecutionListener.setUpRequestContextIfNecessary(ServletTestExecutionListener.java:190)
	at org.springframework.test.context.web.ServletTestExecutionListener.prepareTestInstance(ServletTestExecutionListener.java:132)
	at org.springframework.test.context.TestContextManager.prepareTestInstance(TestContextManager.java:246)
	at org.springframework.test.context.junit4.SpringJUnit4ClassRunner.createTest(SpringJUnit4ClassRunner.java:227)
	at org.springframework.test.context.junit4.SpringJUnit4ClassRunner$1.runReflectiveCall(SpringJUnit4ClassRunner.java:289)
	at org.junit.internal.runners.model.ReflectiveCallable.run(ReflectiveCallable.java:12)
	at org.springframework.test.context.junit4.SpringJUnit4ClassRunner.methodBlock(SpringJUnit4ClassRunner.java:291)
	at org.springframework.test.context.junit4.SpringJUnit4ClassRunner.runChild(SpringJUnit4ClassRunner.java:246)
	at org.springframework.test.context.junit4.SpringJUnit4ClassRunner.runChild(SpringJUnit4ClassRunner.java:97)
	at org.junit.runners.ParentRunner$3.run(ParentRunner.java:290)
	at org.junit.runners.ParentRunner$1.schedule(ParentRunner.java:71)
	at org.junit.runners.ParentRunner.runChildren(ParentRunner.java:288)
	at org.junit.runners.ParentRunner.access$000(ParentRunner.java:58)
	at org.junit.runners.ParentRunner$2.evaluate(ParentRunner.java:268)
	at org.springframework.test.context.junit4.statements.RunBeforeTestClassCallbacks.evaluate(RunBeforeTestClassCallbacks.java:61)
	at org.springframework.test.context.junit4.statements.RunAfterTestClassCallbacks.evaluate(RunAfterTestClassCallbacks.java:70)
	at org.junit.runners.ParentRunner.run(ParentRunner.java:363)
	at org.springframework.test.context.junit4.SpringJUnit4ClassRunner.run(SpringJUnit4ClassRunner.java:190)
	at org.junit.runner.JUnitCore.run(JUnitCore.java:137)
	at com.intellij.junit4.JUnit4IdeaTestRunner.startRunnerWithArgs(JUnit4IdeaTestRunner.java:68)
	at com.intellij.rt.execution.junit.IdeaTestRunner$Repeater.startRunnerWithArgs(IdeaTestRunner.java:47)
	at com.intellij.rt.execution.junit.JUnitStarter.prepareStreamsAndStart(JUnitStarter.java:242)
	at com.intellij.rt.execution.junit.JUnitStarter.main(JUnitStarter.java:70)
Caused by: org.springframework.beans.factory.BeanCreationException: Error creating bean with name 'org.springframework.boot.autoconfigure.mail.MailSenderValidatorAutoConfiguration': Invocation of init method failed; nested exception is java.lang.IllegalStateException: Mail server is not available
	at org.springframework.beans.factory.annotation.InitDestroyAnnotationBeanPostProcessor.postProcessBeforeInitialization(InitDestroyAnnotationBeanPostProcessor.java:139)
	at org.springframework.beans.factory.support.AbstractAutowireCapableBeanFactory.applyBeanPostProcessorsBeforeInitialization(AbstractAutowireCapableBeanFactory.java:414)
	at org.springframework.beans.factory.support.AbstractAutowireCapableBeanFactory.initializeBean(AbstractAutowireCapableBeanFactory.java:1770)
	at org.springframework.beans.factory.support.AbstractAutowireCapableBeanFactory.doCreateBean(AbstractAutowireCapableBeanFactory.java:593)
	at org.springframework.beans.factory.support.AbstractAutowireCapableBeanFactory.createBean(AbstractAutowireCapableBeanFactory.java:515)
	at org.springframework.beans.factory.support.AbstractBeanFactory.lambda$doGetBean$0(AbstractBeanFactory.java:320)
	at org.springframework.beans.factory.support.DefaultSingletonBeanRegistry.getSingleton(DefaultSingletonBeanRegistry.java:222)
	at org.springframework.beans.factory.support.AbstractBeanFactory.doGetBean(AbstractBeanFactory.java:318)
	at org.springframework.beans.factory.support.AbstractBeanFactory.getBean(AbstractBeanFactory.java:199)
	at org.springframework.beans.factory.support.DefaultListableBeanFactory.preInstantiateSingletons(DefaultListableBeanFactory.java:843)
	at org.springframework.context.support.AbstractApplicationContext.finishBeanFactoryInitialization(AbstractApplicationContext.java:877)
	at org.springframework.context.support.AbstractApplicationContext.refresh(AbstractApplicationContext.java:549)
	at org.springframework.boot.SpringApplication.refresh(SpringApplication.java:775)
	at org.springframework.boot.SpringApplication.refreshContext(SpringApplication.java:397)
	at org.springframework.boot.SpringApplication.run(SpringApplication.java:316)
	at org.springframework.boot.test.context.SpringBootContextLoader.loadContext(SpringBootContextLoader.java:127)
	at org.springframework.test.context.cache.DefaultCacheAwareContextLoaderDelegate.loadContextInternal(DefaultCacheAwareContextLoaderDelegate.java:99)
	at org.springframework.test.context.cache.DefaultCacheAwareContextLoaderDelegate.loadContext(DefaultCacheAwareContextLoaderDelegate.java:117)
	... 24 common frames omitted
Caused by: java.lang.IllegalStateException: Mail server is not available
	at org.springframework.boot.autoconfigure.mail.MailSenderValidatorAutoConfiguration.validateConnection(MailSenderValidatorAutoConfiguration.java:55)
	at sun.reflect.NativeMethodAccessorImpl.invoke0(Native Method)
	at sun.reflect.NativeMethodAccessorImpl.invoke(NativeMethodAccessorImpl.java:62)
	at sun.reflect.DelegatingMethodAccessorImpl.invoke(DelegatingMethodAccessorImpl.java:43)
	at java.lang.reflect.Method.invoke(Method.java:498)
	at org.springframework.beans.factory.annotation.InitDestroyAnnotationBeanPostProcessor$LifecycleElement.invoke(InitDestroyAnnotationBeanPostProcessor.java:363)
	at org.springframework.beans.factory.annotation.InitDestroyAnnotationBeanPostProcessor$LifecycleMetadata.invokeInitMethods(InitDestroyAnnotationBeanPostProcessor.java:307)
	at org.springframework.beans.factory.annotation.InitDestroyAnnotationBeanPostProcessor.postProcessBeforeInitialization(InitDestroyAnnotationBeanPostProcessor.java:136)
	... 41 common frames omitted
Caused by: com.sun.mail.util.MailConnectException: Couldn't connect to host, port: smtp.sagereal.com, 25; timeout -1
	at com.sun.mail.smtp.SMTPTransport.openServer(SMTPTransport.java:2209)
	at com.sun.mail.smtp.SMTPTransport.protocolConnect(SMTPTransport.java:740)
	at javax.mail.Service.connect(Service.java:366)
	at org.springframework.mail.javamail.JavaMailSenderImpl.connectTransport(JavaMailSenderImpl.java:517)
	at org.springframework.mail.javamail.JavaMailSenderImpl.testConnection(JavaMailSenderImpl.java:397)
	at org.springframework.boot.autoconfigure.mail.MailSenderValidatorAutoConfiguration.validateConnection(MailSenderValidatorAutoConfiguration.java:52)
	... 48 common frames omitted
Caused by: java.net.ConnectException: 连接超时 (Connection timed out)
	at java.net.PlainSocketImpl.socketConnect(Native Method)
	at java.net.AbstractPlainSocketImpl.doConnect(AbstractPlainSocketImpl.java:350)
	at java.net.AbstractPlainSocketImpl.connectToAddress(AbstractPlainSocketImpl.java:206)
	at java.net.AbstractPlainSocketImpl.connect(AbstractPlainSocketImpl.java:188)
	at java.net.SocksSocketImpl.connect(SocksSocketImpl.java:392)
	at java.net.Socket.connect(Socket.java:589)
	at java.net.Socket.connect(Socket.java:538)
	at com.sun.mail.util.SocketFetcher.createSocket(SocketFetcher.java:359)
	at com.sun.mail.util.SocketFetcher.getSocket(SocketFetcher.java:238)
	at com.sun.mail.smtp.SMTPTransport.openServer(SMTPTransport.java:2175)
	... 53 common frames omitted
2019-09-05 09:17:53 INFO  [com.sagereal.provider.test.MailTest] Starting MailTest on liaowenxing-ThinkStation-P310 with PID 6571 (started by liaowenxing in /home/liaowenxing/workspace/provider)
2019-09-05 09:17:53 INFO  [com.sagereal.provider.test.MailTest] No active profile set, falling back to default profiles: default
2019-09-05 09:17:55 WARN  [org.mybatis.spring.mapper.ClassPathMapperScanner] No MyBatis mapper was found in '[com.sagereal.provider.test, com.sagereal.provider]' package. Please check your configuration.
2019-09-05 09:17:55 INFO  [org.springframework.data.repository.config.RepositoryConfigurationDelegate] Bootstrapping Spring Data repositories in DEFAULT mode.
2019-09-05 09:17:55 INFO  [org.springframework.data.repository.config.RepositoryConfigurationDelegate] Finished Spring Data repository scanning in 44ms. Found 2 repository interfaces.
2019-09-05 09:17:55 INFO  [org.springframework.context.support.PostProcessorRegistrationDelegate$BeanPostProcessorChecker] Bean 'org.springframework.transaction.annotation.ProxyTransactionManagementConfiguration' of type [org.springframework.transaction.annotation.ProxyTransactionManagementConfiguration$$EnhancerBySpringCGLIB$$70dfb899] is not eligible for getting processed by all BeanPostProcessors (for example: not eligible for auto-proxying)
2019-09-05 09:17:55 INFO  [com.zaxxer.hikari.HikariDataSource] HikariPool-1 - Starting...
2019-09-05 09:17:56 INFO  [com.zaxxer.hikari.HikariDataSource] HikariPool-1 - Start completed.
2019-09-05 09:17:56 INFO  [org.hibernate.jpa.internal.util.LogHelper] HHH000204: Processing PersistenceUnitInfo [
	name: default
	...]
2019-09-05 09:17:56 INFO  [org.hibernate.Version] HHH000412: Hibernate Core {5.3.10.Final}
2019-09-05 09:17:56 INFO  [org.hibernate.cfg.Environment] HHH000206: hibernate.properties not found
2019-09-05 09:17:57 INFO  [org.hibernate.annotations.common.Version] HCANN000001: Hibernate Commons Annotations {5.0.4.Final}
2019-09-05 09:17:57 INFO  [org.hibernate.dialect.Dialect] HHH000400: Using dialect: org.hibernate.dialect.H2Dialect
2019-09-05 09:17:57 INFO  [org.springframework.orm.jpa.LocalContainerEntityManagerFactoryBean] Initialized JPA EntityManagerFactory for persistence unit 'default'
2019-09-05 09:18:00 INFO  [org.hibernate.hql.internal.QueryTranslatorFactoryInitiator] HHH000397: Using ASTQueryTranslatorFactory
2019-09-05 09:18:00 INFO  [org.springframework.scheduling.concurrent.ThreadPoolTaskExecutor] Initializing ExecutorService 'applicationTaskExecutor'
2019-09-05 09:18:01 WARN  [org.springframework.boot.autoconfigure.orm.jpa.JpaBaseConfiguration$JpaWebConfiguration$JpaWebMvcConfiguration] spring.jpa.open-in-view is enabled by default. Therefore, database queries may be performed during view rendering. Explicitly configure spring.jpa.open-in-view to disable this warning
2019-09-05 09:18:01 INFO  [org.springframework.scheduling.concurrent.ThreadPoolTaskScheduler] Initializing ExecutorService 'taskScheduler'
2019-09-05 09:18:02 INFO  [com.sagereal.provider.test.MailTest] Started MailTest in 9.354 seconds (JVM running for 13.162)
2019-09-05 09:18:02 INFO  [org.springframework.scheduling.concurrent.ThreadPoolTaskScheduler] Shutting down ExecutorService 'taskScheduler'
2019-09-05 09:18:02 INFO  [org.springframework.scheduling.concurrent.ThreadPoolTaskExecutor] Shutting down ExecutorService 'applicationTaskExecutor'
2019-09-05 09:18:02 INFO  [org.springframework.orm.jpa.LocalContainerEntityManagerFactoryBean] Closing JPA EntityManagerFactory for persistence unit 'default'
2019-09-05 09:18:02 INFO  [com.zaxxer.hikari.HikariDataSource] HikariPool-1 - Shutdown initiated...
2019-09-05 09:18:02 INFO  [com.zaxxer.hikari.HikariDataSource] HikariPool-1 - Shutdown completed.
2019-09-05 09:19:02 INFO  [com.sagereal.provider.test.MailTest] Starting MailTest on liaowenxing-ThinkStation-P310 with PID 6643 (started by liaowenxing in /home/liaowenxing/workspace/provider)
2019-09-05 09:19:02 INFO  [com.sagereal.provider.test.MailTest] No active profile set, falling back to default profiles: default
2019-09-05 09:19:04 WARN  [org.mybatis.spring.mapper.ClassPathMapperScanner] No MyBatis mapper was found in '[com.sagereal.provider.test, com.sagereal.provider]' package. Please check your configuration.
2019-09-05 09:19:04 INFO  [org.springframework.data.repository.config.RepositoryConfigurationDelegate] Bootstrapping Spring Data repositories in DEFAULT mode.
2019-09-05 09:19:04 INFO  [org.springframework.data.repository.config.RepositoryConfigurationDelegate] Finished Spring Data repository scanning in 94ms. Found 2 repository interfaces.
2019-09-05 09:19:04 INFO  [org.springframework.context.support.PostProcessorRegistrationDelegate$BeanPostProcessorChecker] Bean 'org.springframework.transaction.annotation.ProxyTransactionManagementConfiguration' of type [org.springframework.transaction.annotation.ProxyTransactionManagementConfiguration$$EnhancerBySpringCGLIB$$5a2c8830] is not eligible for getting processed by all BeanPostProcessors (for example: not eligible for auto-proxying)
2019-09-05 09:19:04 INFO  [com.zaxxer.hikari.HikariDataSource] HikariPool-1 - Starting...
2019-09-05 09:19:05 INFO  [com.zaxxer.hikari.HikariDataSource] HikariPool-1 - Start completed.
2019-09-05 09:19:05 INFO  [org.hibernate.jpa.internal.util.LogHelper] HHH000204: Processing PersistenceUnitInfo [
	name: default
	...]
2019-09-05 09:19:05 INFO  [org.hibernate.Version] HHH000412: Hibernate Core {5.3.10.Final}
2019-09-05 09:19:05 INFO  [org.hibernate.cfg.Environment] HHH000206: hibernate.properties not found
2019-09-05 09:19:05 INFO  [org.hibernate.annotations.common.Version] HCANN000001: Hibernate Commons Annotations {5.0.4.Final}
2019-09-05 09:19:05 INFO  [org.hibernate.dialect.Dialect] HHH000400: Using dialect: org.hibernate.dialect.H2Dialect
2019-09-05 09:19:06 INFO  [org.springframework.orm.jpa.LocalContainerEntityManagerFactoryBean] Initialized JPA EntityManagerFactory for persistence unit 'default'
2019-09-05 09:19:09 INFO  [org.hibernate.hql.internal.QueryTranslatorFactoryInitiator] HHH000397: Using ASTQueryTranslatorFactory
2019-09-05 09:19:09 INFO  [org.springframework.scheduling.concurrent.ThreadPoolTaskExecutor] Initializing ExecutorService 'applicationTaskExecutor'
2019-09-05 09:19:10 WARN  [org.springframework.boot.autoconfigure.orm.jpa.JpaBaseConfiguration$JpaWebConfiguration$JpaWebMvcConfiguration] spring.jpa.open-in-view is enabled by default. Therefore, database queries may be performed during view rendering. Explicitly configure spring.jpa.open-in-view to disable this warning
2019-09-05 09:19:10 INFO  [org.springframework.scheduling.concurrent.ThreadPoolTaskScheduler] Initializing ExecutorService 'taskScheduler'
2019-09-05 09:19:10 INFO  [com.sagereal.provider.test.MailTest] Started MailTest in 9.206 seconds (JVM running for 12.619)
2019-09-05 09:19:10 INFO  [org.springframework.scheduling.concurrent.ThreadPoolTaskScheduler] Shutting down ExecutorService 'taskScheduler'
2019-09-05 09:19:10 INFO  [org.springframework.scheduling.concurrent.ThreadPoolTaskExecutor] Shutting down ExecutorService 'applicationTaskExecutor'
2019-09-05 09:19:10 INFO  [org.springframework.orm.jpa.LocalContainerEntityManagerFactoryBean] Closing JPA EntityManagerFactory for persistence unit 'default'
2019-09-05 09:19:10 INFO  [com.zaxxer.hikari.HikariDataSource] HikariPool-1 - Shutdown initiated...
2019-09-05 09:19:10 INFO  [com.zaxxer.hikari.HikariDataSource] HikariPool-1 - Shutdown completed.
2019-09-05 09:21:08 INFO  [com.sagereal.provider.test.MailTest] Starting MailTest on liaowenxing-ThinkStation-P310 with PID 6740 (started by liaowenxing in /home/liaowenxing/workspace/provider)
2019-09-05 09:21:08 INFO  [com.sagereal.provider.test.MailTest] No active profile set, falling back to default profiles: default
2019-09-05 09:21:10 WARN  [org.mybatis.spring.mapper.ClassPathMapperScanner] No MyBatis mapper was found in '[com.sagereal.provider.test, com.sagereal.provider]' package. Please check your configuration.
2019-09-05 09:21:10 INFO  [org.springframework.data.repository.config.RepositoryConfigurationDelegate] Bootstrapping Spring Data repositories in DEFAULT mode.
2019-09-05 09:21:10 INFO  [org.springframework.data.repository.config.RepositoryConfigurationDelegate] Finished Spring Data repository scanning in 51ms. Found 2 repository interfaces.
2019-09-05 09:21:10 INFO  [org.springframework.context.support.PostProcessorRegistrationDelegate$BeanPostProcessorChecker] Bean 'org.springframework.transaction.annotation.ProxyTransactionManagementConfiguration' of type [org.springframework.transaction.annotation.ProxyTransactionManagementConfiguration$$EnhancerBySpringCGLIB$$9173fb0a] is not eligible for getting processed by all BeanPostProcessors (for example: not eligible for auto-proxying)
2019-09-05 09:21:11 INFO  [com.zaxxer.hikari.HikariDataSource] HikariPool-1 - Starting...
2019-09-05 09:21:11 INFO  [com.zaxxer.hikari.HikariDataSource] HikariPool-1 - Start completed.
2019-09-05 09:21:11 INFO  [org.hibernate.jpa.internal.util.LogHelper] HHH000204: Processing PersistenceUnitInfo [
	name: default
	...]
2019-09-05 09:21:11 INFO  [org.hibernate.Version] HHH000412: Hibernate Core {5.3.10.Final}
2019-09-05 09:21:11 INFO  [org.hibernate.cfg.Environment] HHH000206: hibernate.properties not found
2019-09-05 09:21:11 INFO  [org.hibernate.annotations.common.Version] HCANN000001: Hibernate Commons Annotations {5.0.4.Final}
2019-09-05 09:21:12 INFO  [org.hibernate.dialect.Dialect] HHH000400: Using dialect: org.hibernate.dialect.H2Dialect
2019-09-05 09:21:12 INFO  [org.springframework.orm.jpa.LocalContainerEntityManagerFactoryBean] Initialized JPA EntityManagerFactory for persistence unit 'default'
2019-09-05 09:21:15 INFO  [org.hibernate.hql.internal.QueryTranslatorFactoryInitiator] HHH000397: Using ASTQueryTranslatorFactory
2019-09-05 09:21:15 INFO  [org.springframework.scheduling.concurrent.ThreadPoolTaskExecutor] Initializing ExecutorService 'applicationTaskExecutor'
2019-09-05 09:21:16 WARN  [org.springframework.boot.autoconfigure.orm.jpa.JpaBaseConfiguration$JpaWebConfiguration$JpaWebMvcConfiguration] spring.jpa.open-in-view is enabled by default. Therefore, database queries may be performed during view rendering. Explicitly configure spring.jpa.open-in-view to disable this warning
2019-09-05 09:21:16 INFO  [org.springframework.scheduling.concurrent.ThreadPoolTaskScheduler] Initializing ExecutorService 'taskScheduler'
2019-09-05 09:21:16 INFO  [com.sagereal.provider.test.MailTest] Started MailTest in 8.97 seconds (JVM running for 12.235)
2019-09-05 09:22:01 INFO  [org.springframework.scheduling.concurrent.ThreadPoolTaskScheduler] Shutting down ExecutorService 'taskScheduler'
2019-09-05 09:22:01 INFO  [org.springframework.scheduling.concurrent.ThreadPoolTaskExecutor] Shutting down ExecutorService 'applicationTaskExecutor'
2019-09-05 09:22:01 INFO  [org.springframework.orm.jpa.LocalContainerEntityManagerFactoryBean] Closing JPA EntityManagerFactory for persistence unit 'default'
2019-09-05 09:22:01 INFO  [com.zaxxer.hikari.HikariDataSource] HikariPool-1 - Shutdown initiated...
2019-09-05 09:22:01 INFO  [com.zaxxer.hikari.HikariDataSource] HikariPool-1 - Shutdown completed.
2019-09-05 09:22:10 INFO  [com.sagereal.provider.test.MailTest] Starting MailTest on liaowenxing-ThinkStation-P310 with PID 6825 (started by liaowenxing in /home/liaowenxing/workspace/provider)
2019-09-05 09:22:10 INFO  [com.sagereal.provider.test.MailTest] No active profile set, falling back to default profiles: default
2019-09-05 09:22:12 WARN  [org.mybatis.spring.mapper.ClassPathMapperScanner] No MyBatis mapper was found in '[com.sagereal.provider.test, com.sagereal.provider]' package. Please check your configuration.
2019-09-05 09:22:12 INFO  [org.springframework.data.repository.config.RepositoryConfigurationDelegate] Bootstrapping Spring Data repositories in DEFAULT mode.
2019-09-05 09:22:12 INFO  [org.springframework.data.repository.config.RepositoryConfigurationDelegate] Finished Spring Data repository scanning in 67ms. Found 2 repository interfaces.
2019-09-05 09:22:13 INFO  [org.springframework.context.support.PostProcessorRegistrationDelegate$BeanPostProcessorChecker] Bean 'org.springframework.transaction.annotation.ProxyTransactionManagementConfiguration' of type [org.springframework.transaction.annotation.ProxyTransactionManagementConfiguration$$EnhancerBySpringCGLIB$$46459d26] is not eligible for getting processed by all BeanPostProcessors (for example: not eligible for auto-proxying)
2019-09-05 09:22:13 INFO  [com.zaxxer.hikari.HikariDataSource] HikariPool-1 - Starting...
2019-09-05 09:22:13 INFO  [com.zaxxer.hikari.HikariDataSource] HikariPool-1 - Start completed.
2019-09-05 09:22:13 INFO  [org.hibernate.jpa.internal.util.LogHelper] HHH000204: Processing PersistenceUnitInfo [
	name: default
	...]
2019-09-05 09:22:14 INFO  [org.hibernate.Version] HHH000412: Hibernate Core {5.3.10.Final}
2019-09-05 09:22:14 INFO  [org.hibernate.cfg.Environment] HHH000206: hibernate.properties not found
2019-09-05 09:22:14 INFO  [org.hibernate.annotations.common.Version] HCANN000001: Hibernate Commons Annotations {5.0.4.Final}
2019-09-05 09:22:14 INFO  [org.hibernate.dialect.Dialect] HHH000400: Using dialect: org.hibernate.dialect.H2Dialect
2019-09-05 09:22:14 INFO  [org.springframework.orm.jpa.LocalContainerEntityManagerFactoryBean] Initialized JPA EntityManagerFactory for persistence unit 'default'
2019-09-05 09:22:17 INFO  [org.hibernate.hql.internal.QueryTranslatorFactoryInitiator] HHH000397: Using ASTQueryTranslatorFactory
2019-09-05 09:22:17 INFO  [org.springframework.scheduling.concurrent.ThreadPoolTaskExecutor] Initializing ExecutorService 'applicationTaskExecutor'
2019-09-05 09:22:18 WARN  [org.springframework.boot.autoconfigure.orm.jpa.JpaBaseConfiguration$JpaWebConfiguration$JpaWebMvcConfiguration] spring.jpa.open-in-view is enabled by default. Therefore, database queries may be performed during view rendering. Explicitly configure spring.jpa.open-in-view to disable this warning
2019-09-05 09:22:18 INFO  [org.springframework.scheduling.concurrent.ThreadPoolTaskScheduler] Initializing ExecutorService 'taskScheduler'
2019-09-05 09:22:18 INFO  [com.sagereal.provider.test.MailTest] Started MailTest in 9.149 seconds (JVM running for 12.551)
2019-09-05 09:22:19 INFO  [org.springframework.scheduling.concurrent.ThreadPoolTaskScheduler] Shutting down ExecutorService 'taskScheduler'
2019-09-05 09:22:19 INFO  [org.springframework.scheduling.concurrent.ThreadPoolTaskExecutor] Shutting down ExecutorService 'applicationTaskExecutor'
2019-09-05 09:22:19 INFO  [org.springframework.orm.jpa.LocalContainerEntityManagerFactoryBean] Closing JPA EntityManagerFactory for persistence unit 'default'
2019-09-05 09:22:19 INFO  [com.zaxxer.hikari.HikariDataSource] HikariPool-1 - Shutdown initiated...
2019-09-05 09:22:19 INFO  [com.zaxxer.hikari.HikariDataSource] HikariPool-1 - Shutdown completed.
2019-09-05 13:29:24 INFO  [com.sagereal.provider.test.MailTest] Starting MailTest on liaowenxing-ThinkStation-P310 with PID 8471 (started by liaowenxing in /home/liaowenxing/workspace/provider)
2019-09-05 13:29:24 INFO  [com.sagereal.provider.test.MailTest] No active profile set, falling back to default profiles: default
2019-09-05 13:29:25 WARN  [org.mybatis.spring.mapper.ClassPathMapperScanner] No MyBatis mapper was found in '[com.sagereal.provider.test, com.sagereal.provider]' package. Please check your configuration.
2019-09-05 13:29:26 INFO  [org.springframework.data.repository.config.RepositoryConfigurationDelegate] Bootstrapping Spring Data repositories in DEFAULT mode.
2019-09-05 13:29:26 INFO  [org.springframework.data.repository.config.RepositoryConfigurationDelegate] Finished Spring Data repository scanning in 65ms. Found 2 repository interfaces.
2019-09-05 13:29:26 INFO  [org.springframework.context.support.PostProcessorRegistrationDelegate$BeanPostProcessorChecker] Bean 'org.springframework.transaction.annotation.ProxyTransactionManagementConfiguration' of type [org.springframework.transaction.annotation.ProxyTransactionManagementConfiguration$$EnhancerBySpringCGLIB$$70dfb899] is not eligible for getting processed by all BeanPostProcessors (for example: not eligible for auto-proxying)
2019-09-05 13:29:26 INFO  [com.zaxxer.hikari.HikariDataSource] HikariPool-1 - Starting...
2019-09-05 13:29:27 INFO  [com.zaxxer.hikari.HikariDataSource] HikariPool-1 - Start completed.
2019-09-05 13:29:27 INFO  [org.hibernate.jpa.internal.util.LogHelper] HHH000204: Processing PersistenceUnitInfo [
	name: default
	...]
2019-09-05 13:29:27 INFO  [org.hibernate.Version] HHH000412: Hibernate Core {5.3.10.Final}
2019-09-05 13:29:27 INFO  [org.hibernate.cfg.Environment] HHH000206: hibernate.properties not found
2019-09-05 13:29:27 INFO  [org.hibernate.annotations.common.Version] HCANN000001: Hibernate Commons Annotations {5.0.4.Final}
2019-09-05 13:29:27 INFO  [org.hibernate.dialect.Dialect] HHH000400: Using dialect: org.hibernate.dialect.H2Dialect
2019-09-05 13:29:28 INFO  [org.springframework.orm.jpa.LocalContainerEntityManagerFactoryBean] Initialized JPA EntityManagerFactory for persistence unit 'default'
2019-09-05 13:29:31 INFO  [org.hibernate.hql.internal.QueryTranslatorFactoryInitiator] HHH000397: Using ASTQueryTranslatorFactory
2019-09-05 13:29:31 INFO  [org.springframework.scheduling.concurrent.ThreadPoolTaskExecutor] Initializing ExecutorService 'applicationTaskExecutor'
2019-09-05 13:29:31 WARN  [org.springframework.web.context.support.GenericWebApplicationContext] Exception encountered during context initialization - cancelling refresh attempt: org.springframework.beans.factory.BeanCreationException: Error creating bean with name 'scheduledTask' defined in file [/home/liaowenxing/workspace/provider/target/classes/com/sagereal/provider/bean/ScheduledTask.class]: Initialization of bean failed; nested exception is java.lang.IllegalStateException: Encountered invalid @Scheduled method 'remind': Cron expression must consist of 6 fields (found 7 in "0 0 8 * * ? *")
2019-09-05 13:29:31 INFO  [org.springframework.scheduling.concurrent.ThreadPoolTaskExecutor] Shutting down ExecutorService 'applicationTaskExecutor'
2019-09-05 13:29:31 INFO  [org.springframework.orm.jpa.LocalContainerEntityManagerFactoryBean] Closing JPA EntityManagerFactory for persistence unit 'default'
2019-09-05 13:29:31 INFO  [com.zaxxer.hikari.HikariDataSource] HikariPool-1 - Shutdown initiated...
2019-09-05 13:30:19 INFO  [com.sagereal.provider.ProviderApplication] Starting ProviderApplication on liaowenxing-ThinkStation-P310 with PID 8564 (/home/liaowenxing/workspace/provider/target/classes started by liaowenxing in /home/liaowenxing/workspace/provider)
2019-09-05 13:30:19 INFO  [com.sagereal.provider.ProviderApplication] No active profile set, falling back to default profiles: default
2019-09-05 13:30:19 INFO  [org.springframework.boot.devtools.env.DevToolsPropertyDefaultsPostProcessor] Devtools property defaults active! Set 'spring.devtools.add-properties' to 'false' to disable
2019-09-05 13:30:19 INFO  [org.springframework.boot.devtools.env.DevToolsPropertyDefaultsPostProcessor] For additional web related logging consider setting the 'logging.level.web' property to 'DEBUG'
2019-09-05 13:30:21 WARN  [org.mybatis.spring.mapper.ClassPathMapperScanner] No MyBatis mapper was found in '[com.sagereal.provider]' package. Please check your configuration.
2019-09-05 13:30:21 INFO  [org.springframework.data.repository.config.RepositoryConfigurationDelegate] Bootstrapping Spring Data repositories in DEFAULT mode.
2019-09-05 13:30:21 INFO  [org.springframework.data.repository.config.RepositoryConfigurationDelegate] Finished Spring Data repository scanning in 49ms. Found 2 repository interfaces.
2019-09-05 13:30:21 INFO  [org.springframework.context.support.PostProcessorRegistrationDelegate$BeanPostProcessorChecker] Bean 'org.springframework.transaction.annotation.ProxyTransactionManagementConfiguration' of type [org.springframework.transaction.annotation.ProxyTransactionManagementConfiguration$$EnhancerBySpringCGLIB$$59c58c6a] is not eligible for getting processed by all BeanPostProcessors (for example: not eligible for auto-proxying)
2019-09-05 13:30:22 INFO  [org.springframework.boot.web.embedded.tomcat.TomcatWebServer] Tomcat initialized with port(s): 8088 (http)
2019-09-05 13:30:22 INFO  [org.apache.catalina.core.StandardService] Starting service [Tomcat]
2019-09-05 13:30:22 INFO  [org.apache.catalina.core.StandardEngine] Starting Servlet engine: [Apache Tomcat/9.0.19]
2019-09-05 13:30:23 INFO  [org.apache.catalina.core.ContainerBase.[Tomcat].[localhost].[/provider]] Initializing Spring embedded WebApplicationContext
2019-09-05 13:30:23 INFO  [org.springframework.web.context.ContextLoader] Root WebApplicationContext: initialization completed in 4052 ms
2019-09-05 13:30:23 INFO  [com.zaxxer.hikari.HikariDataSource] HikariPool-1 - Starting...
2019-09-05 13:30:23 INFO  [com.zaxxer.hikari.HikariDataSource] HikariPool-1 - Start completed.
2019-09-05 13:30:23 INFO  [org.hibernate.jpa.internal.util.LogHelper] HHH000204: Processing PersistenceUnitInfo [
	name: default
	...]
2019-09-05 13:30:24 INFO  [org.hibernate.Version] HHH000412: Hibernate Core {5.3.10.Final}
2019-09-05 13:30:24 INFO  [org.hibernate.cfg.Environment] HHH000206: hibernate.properties not found
2019-09-05 13:30:24 INFO  [org.hibernate.annotations.common.Version] HCANN000001: Hibernate Commons Annotations {5.0.4.Final}
2019-09-05 13:30:24 INFO  [org.hibernate.dialect.Dialect] HHH000400: Using dialect: org.hibernate.dialect.H2Dialect
2019-09-05 13:30:24 INFO  [org.springframework.orm.jpa.LocalContainerEntityManagerFactoryBean] Initialized JPA EntityManagerFactory for persistence unit 'default'
2019-09-05 13:30:24 INFO  [org.springframework.boot.devtools.autoconfigure.OptionalLiveReloadServer] LiveReload server is running on port 35729
2019-09-05 13:30:25 INFO  [org.hibernate.hql.internal.QueryTranslatorFactoryInitiator] HHH000397: Using ASTQueryTranslatorFactory
2019-09-05 13:30:25 INFO  [org.springframework.scheduling.concurrent.ThreadPoolTaskExecutor] Initializing ExecutorService 'applicationTaskExecutor'
2019-09-05 13:30:25 WARN  [org.springframework.boot.web.servlet.context.AnnotationConfigServletWebServerApplicationContext] Exception encountered during context initialization - cancelling refresh attempt: org.springframework.beans.factory.BeanCreationException: Error creating bean with name 'scheduledTask' defined in file [/home/liaowenxing/workspace/provider/target/classes/com/sagereal/provider/bean/ScheduledTask.class]: Initialization of bean failed; nested exception is java.lang.IllegalStateException: Encountered invalid @Scheduled method 'remind': Cron expression must consist of 6 fields (found 7 in "0 0 8 * * ? *")
2019-09-05 13:30:25 INFO  [org.springframework.scheduling.concurrent.ThreadPoolTaskExecutor] Shutting down ExecutorService 'applicationTaskExecutor'
2019-09-05 13:30:25 INFO  [org.springframework.orm.jpa.LocalContainerEntityManagerFactoryBean] Closing JPA EntityManagerFactory for persistence unit 'default'
2019-09-05 13:30:25 INFO  [com.zaxxer.hikari.HikariDataSource] HikariPool-1 - Shutdown initiated...
2019-09-05 13:30:25 INFO  [com.zaxxer.hikari.HikariDataSource] HikariPool-1 - Shutdown completed.
2019-09-05 13:30:25 INFO  [org.apache.catalina.core.StandardService] Stopping service [Tomcat]
2019-09-05 13:30:25 INFO  [org.springframework.boot.autoconfigure.logging.ConditionEvaluationReportLoggingListener] 

Error starting ApplicationContext. To display the conditions report re-run your application with 'debug' enabled.
2019-09-05 13:30:25 ERROR [org.springframework.boot.SpringApplication] Application run failed
org.springframework.beans.factory.BeanCreationException: Error creating bean with name 'scheduledTask' defined in file [/home/liaowenxing/workspace/provider/target/classes/com/sagereal/provider/bean/ScheduledTask.class]: Initialization of bean failed; nested exception is java.lang.IllegalStateException: Encountered invalid @Scheduled method 'remind': Cron expression must consist of 6 fields (found 7 in "0 0 8 * * ? *")
	at org.springframework.beans.factory.support.AbstractAutowireCapableBeanFactory.doCreateBean(AbstractAutowireCapableBeanFactory.java:601)
	at org.springframework.beans.factory.support.AbstractAutowireCapableBeanFactory.createBean(AbstractAutowireCapableBeanFactory.java:515)
	at org.springframework.beans.factory.support.AbstractBeanFactory.lambda$doGetBean$0(AbstractBeanFactory.java:320)
	at org.springframework.beans.factory.support.DefaultSingletonBeanRegistry.getSingleton(DefaultSingletonBeanRegistry.java:222)
	at org.springframework.beans.factory.support.AbstractBeanFactory.doGetBean(AbstractBeanFactory.java:318)
	at org.springframework.beans.factory.support.AbstractBeanFactory.getBean(AbstractBeanFactory.java:199)
	at org.springframework.beans.factory.support.DefaultListableBeanFactory.preInstantiateSingletons(DefaultListableBeanFactory.java:843)
	at org.springframework.context.support.AbstractApplicationContext.finishBeanFactoryInitialization(AbstractApplicationContext.java:877)
	at org.springframework.context.support.AbstractApplicationContext.refresh(AbstractApplicationContext.java:549)
	at org.springframework.boot.web.servlet.context.ServletWebServerApplicationContext.refresh(ServletWebServerApplicationContext.java:142)
	at org.springframework.boot.SpringApplication.refresh(SpringApplication.java:775)
	at org.springframework.boot.SpringApplication.refreshContext(SpringApplication.java:397)
	at org.springframework.boot.SpringApplication.run(SpringApplication.java:316)
	at org.springframework.boot.SpringApplication.run(SpringApplication.java:1260)
	at org.springframework.boot.SpringApplication.run(SpringApplication.java:1248)
	at com.sagereal.provider.ProviderApplication.main(ProviderApplication.java:12)
	at sun.reflect.NativeMethodAccessorImpl.invoke0(Native Method)
	at sun.reflect.NativeMethodAccessorImpl.invoke(NativeMethodAccessorImpl.java:62)
	at sun.reflect.DelegatingMethodAccessorImpl.invoke(DelegatingMethodAccessorImpl.java:43)
	at java.lang.reflect.Method.invoke(Method.java:498)
	at org.springframework.boot.devtools.restart.RestartLauncher.run(RestartLauncher.java:49)
Caused by: java.lang.IllegalStateException: Encountered invalid @Scheduled method 'remind': Cron expression must consist of 6 fields (found 7 in "0 0 8 * * ? *")
	at org.springframework.scheduling.annotation.ScheduledAnnotationBeanPostProcessor.processScheduled(ScheduledAnnotationBeanPostProcessor.java:496)
	at org.springframework.scheduling.annotation.ScheduledAnnotationBeanPostProcessor.lambda$null$1(ScheduledAnnotationBeanPostProcessor.java:359)
	at java.lang.Iterable.forEach(Iterable.java:75)
	at org.springframework.scheduling.annotation.ScheduledAnnotationBeanPostProcessor.lambda$postProcessAfterInitialization$2(ScheduledAnnotationBeanPostProcessor.java:359)
	at java.util.LinkedHashMap.forEach(LinkedHashMap.java:684)
	at org.springframework.scheduling.annotation.ScheduledAnnotationBeanPostProcessor.postProcessAfterInitialization(ScheduledAnnotationBeanPostProcessor.java:358)
	at org.springframework.beans.factory.support.AbstractAutowireCapableBeanFactory.applyBeanPostProcessorsAfterInitialization(AbstractAutowireCapableBeanFactory.java:429)
	at org.springframework.beans.factory.support.AbstractAutowireCapableBeanFactory.initializeBean(AbstractAutowireCapableBeanFactory.java:1782)
	at org.springframework.beans.factory.support.AbstractAutowireCapableBeanFactory.doCreateBean(AbstractAutowireCapableBeanFactory.java:593)
	... 20 common frames omitted
2019-09-05 13:32:05 INFO  [com.sagereal.provider.ProviderApplication] Starting ProviderApplication on liaowenxing-ThinkStation-P310 with PID 8719 (/home/liaowenxing/workspace/provider/target/classes started by liaowenxing in /home/liaowenxing/workspace/provider)
2019-09-05 13:32:05 INFO  [com.sagereal.provider.ProviderApplication] No active profile set, falling back to default profiles: default
2019-09-05 13:32:05 INFO  [org.springframework.boot.devtools.env.DevToolsPropertyDefaultsPostProcessor] Devtools property defaults active! Set 'spring.devtools.add-properties' to 'false' to disable
2019-09-05 13:32:05 INFO  [org.springframework.boot.devtools.env.DevToolsPropertyDefaultsPostProcessor] For additional web related logging consider setting the 'logging.level.web' property to 'DEBUG'
2019-09-05 13:32:07 WARN  [org.mybatis.spring.mapper.ClassPathMapperScanner] No MyBatis mapper was found in '[com.sagereal.provider]' package. Please check your configuration.
2019-09-05 13:32:07 INFO  [org.springframework.data.repository.config.RepositoryConfigurationDelegate] Bootstrapping Spring Data repositories in DEFAULT mode.
2019-09-05 13:32:07 INFO  [org.springframework.data.repository.config.RepositoryConfigurationDelegate] Finished Spring Data repository scanning in 28ms. Found 2 repository interfaces.
2019-09-05 13:32:07 INFO  [org.springframework.context.support.PostProcessorRegistrationDelegate$BeanPostProcessorChecker] Bean 'org.springframework.transaction.annotation.ProxyTransactionManagementConfiguration' of type [org.springframework.transaction.annotation.ProxyTransactionManagementConfiguration$$EnhancerBySpringCGLIB$$f0424b16] is not eligible for getting processed by all BeanPostProcessors (for example: not eligible for auto-proxying)
2019-09-05 13:32:07 INFO  [org.springframework.boot.web.embedded.tomcat.TomcatWebServer] Tomcat initialized with port(s): 8088 (http)
2019-09-05 13:32:07 INFO  [org.apache.catalina.core.StandardService] Starting service [Tomcat]
2019-09-05 13:32:07 INFO  [org.apache.catalina.core.StandardEngine] Starting Servlet engine: [Apache Tomcat/9.0.19]
2019-09-05 13:32:08 INFO  [org.apache.catalina.core.ContainerBase.[Tomcat].[localhost].[/provider]] Initializing Spring embedded WebApplicationContext
2019-09-05 13:32:08 INFO  [org.springframework.web.context.ContextLoader] Root WebApplicationContext: initialization completed in 3147 ms
2019-09-05 13:32:08 INFO  [com.zaxxer.hikari.HikariDataSource] HikariPool-1 - Starting...
2019-09-05 13:32:09 INFO  [com.zaxxer.hikari.HikariDataSource] HikariPool-1 - Start completed.
2019-09-05 13:32:09 INFO  [org.hibernate.jpa.internal.util.LogHelper] HHH000204: Processing PersistenceUnitInfo [
	name: default
	...]
2019-09-05 13:32:09 INFO  [org.hibernate.Version] HHH000412: Hibernate Core {5.3.10.Final}
2019-09-05 13:32:09 INFO  [org.hibernate.cfg.Environment] HHH000206: hibernate.properties not found
2019-09-05 13:32:09 INFO  [org.hibernate.annotations.common.Version] HCANN000001: Hibernate Commons Annotations {5.0.4.Final}
2019-09-05 13:32:09 INFO  [org.hibernate.dialect.Dialect] HHH000400: Using dialect: org.hibernate.dialect.H2Dialect
2019-09-05 13:32:09 INFO  [org.springframework.orm.jpa.LocalContainerEntityManagerFactoryBean] Initialized JPA EntityManagerFactory for persistence unit 'default'
2019-09-05 13:32:09 INFO  [org.springframework.boot.devtools.autoconfigure.OptionalLiveReloadServer] LiveReload server is running on port 35729
2019-09-05 13:32:10 INFO  [org.hibernate.hql.internal.QueryTranslatorFactoryInitiator] HHH000397: Using ASTQueryTranslatorFactory
2019-09-05 13:32:10 INFO  [org.springframework.scheduling.concurrent.ThreadPoolTaskExecutor] Initializing ExecutorService 'applicationTaskExecutor'
2019-09-05 13:32:10 WARN  [org.springframework.boot.autoconfigure.orm.jpa.JpaBaseConfiguration$JpaWebConfiguration$JpaWebMvcConfiguration] spring.jpa.open-in-view is enabled by default. Therefore, database queries may be performed during view rendering. Explicitly configure spring.jpa.open-in-view to disable this warning
2019-09-05 13:32:10 INFO  [org.springframework.scheduling.concurrent.ThreadPoolTaskScheduler] Initializing ExecutorService 'taskScheduler'
2019-09-05 13:32:11 INFO  [org.springframework.boot.web.embedded.tomcat.TomcatWebServer] Tomcat started on port(s): 8088 (http) with context path '/provider'
2019-09-05 13:32:11 INFO  [com.sagereal.provider.ProviderApplication] Started ProviderApplication in 6.204 seconds (JVM running for 8.133)
2019-09-05 13:32:28 INFO  [org.apache.catalina.core.ContainerBase.[Tomcat].[localhost].[/provider]] Initializing Spring DispatcherServlet 'dispatcherServlet'
2019-09-05 13:32:28 INFO  [org.springframework.web.servlet.DispatcherServlet] Initializing Servlet 'dispatcherServlet'
2019-09-05 13:32:28 INFO  [org.springframework.web.servlet.DispatcherServlet] Completed initialization in 15 ms
2019-09-05 13:40:29 INFO  [org.springframework.scheduling.concurrent.ThreadPoolTaskScheduler] Shutting down ExecutorService 'taskScheduler'
2019-09-05 13:40:29 INFO  [org.springframework.scheduling.concurrent.ThreadPoolTaskExecutor] Shutting down ExecutorService 'applicationTaskExecutor'
2019-09-05 13:40:29 INFO  [org.springframework.orm.jpa.LocalContainerEntityManagerFactoryBean] Closing JPA EntityManagerFactory for persistence unit 'default'
2019-09-05 13:40:29 INFO  [com.zaxxer.hikari.HikariDataSource] HikariPool-1 - Shutdown initiated...
2019-09-05 13:40:29 INFO  [com.zaxxer.hikari.HikariDataSource] HikariPool-1 - Shutdown completed.
2019-09-05 14:23:50 INFO  [com.sagereal.provider.test.MailTest] Starting MailTest on liaowenxing-ThinkStation-P310 with PID 9463 (started by liaowenxing in /home/liaowenxing/workspace/provider)
2019-09-05 14:23:50 INFO  [com.sagereal.provider.test.MailTest] No active profile set, falling back to default profiles: default
2019-09-05 14:23:52 WARN  [org.mybatis.spring.mapper.ClassPathMapperScanner] No MyBatis mapper was found in '[com.sagereal.provider.test, com.sagereal.provider]' package. Please check your configuration.
2019-09-05 14:23:53 INFO  [org.springframework.data.repository.config.RepositoryConfigurationDelegate] Bootstrapping Spring Data repositories in DEFAULT mode.
2019-09-05 14:23:53 INFO  [org.springframework.data.repository.config.RepositoryConfigurationDelegate] Finished Spring Data repository scanning in 214ms. Found 2 repository interfaces.
2019-09-05 14:23:55 INFO  [org.springframework.context.support.PostProcessorRegistrationDelegate$BeanPostProcessorChecker] Bean 'org.springframework.transaction.annotation.ProxyTransactionManagementConfiguration' of type [org.springframework.transaction.annotation.ProxyTransactionManagementConfiguration$$EnhancerBySpringCGLIB$$d45a67f] is not eligible for getting processed by all BeanPostProcessors (for example: not eligible for auto-proxying)
2019-09-05 14:23:55 INFO  [com.zaxxer.hikari.HikariDataSource] HikariPool-1 - Starting...
2019-09-05 14:23:55 INFO  [com.zaxxer.hikari.HikariDataSource] HikariPool-1 - Start completed.
2019-09-05 14:23:56 INFO  [org.hibernate.jpa.internal.util.LogHelper] HHH000204: Processing PersistenceUnitInfo [
	name: default
	...]
2019-09-05 14:23:56 INFO  [org.hibernate.Version] HHH000412: Hibernate Core {5.3.10.Final}
2019-09-05 14:23:56 INFO  [org.hibernate.cfg.Environment] HHH000206: hibernate.properties not found
2019-09-05 14:23:56 INFO  [org.hibernate.annotations.common.Version] HCANN000001: Hibernate Commons Annotations {5.0.4.Final}
2019-09-05 14:23:56 INFO  [org.hibernate.dialect.Dialect] HHH000400: Using dialect: org.hibernate.dialect.H2Dialect
2019-09-05 14:23:56 INFO  [org.springframework.orm.jpa.LocalContainerEntityManagerFactoryBean] Initialized JPA EntityManagerFactory for persistence unit 'default'
2019-09-05 14:23:57 INFO  [org.hibernate.hql.internal.QueryTranslatorFactoryInitiator] HHH000397: Using ASTQueryTranslatorFactory
2019-09-05 14:23:57 INFO  [org.springframework.scheduling.concurrent.ThreadPoolTaskExecutor] Initializing ExecutorService 'applicationTaskExecutor'
2019-09-05 14:24:00 WARN  [org.springframework.boot.autoconfigure.orm.jpa.JpaBaseConfiguration$JpaWebConfiguration$JpaWebMvcConfiguration] spring.jpa.open-in-view is enabled by default. Therefore, database queries may be performed during view rendering. Explicitly configure spring.jpa.open-in-view to disable this warning
2019-09-05 14:24:00 INFO  [org.springframework.scheduling.concurrent.ThreadPoolTaskScheduler] Initializing ExecutorService 'taskScheduler'
2019-09-05 14:24:00 INFO  [com.sagereal.provider.test.MailTest] Started MailTest in 10.443 seconds (JVM running for 12.537)
2019-09-05 14:24:00 INFO  [org.springframework.scheduling.concurrent.ThreadPoolTaskScheduler] Shutting down ExecutorService 'taskScheduler'
2019-09-05 14:24:00 INFO  [org.springframework.scheduling.concurrent.ThreadPoolTaskExecutor] Shutting down ExecutorService 'applicationTaskExecutor'
2019-09-05 14:24:00 INFO  [org.springframework.orm.jpa.LocalContainerEntityManagerFactoryBean] Closing JPA EntityManagerFactory for persistence unit 'default'
2019-09-05 14:24:00 INFO  [com.zaxxer.hikari.HikariDataSource] HikariPool-1 - Shutdown initiated...
2019-09-05 14:24:00 INFO  [com.zaxxer.hikari.HikariDataSource] HikariPool-1 - Shutdown completed.
