2019-10-22 11:24:40 INFO  [com.sagereal.provider.ProviderApplication] Starting ProviderApplication on liaowenxing-ThinkStation-P310 with PID 25658 (/home/liaowenxing/workspace/provider/target/classes started by liaowenxing in /home/liaowenxing/workspace/provider)
2019-10-22 11:24:40 INFO  [com.sagereal.provider.ProviderApplication] No active profile set, falling back to default profiles: default
2019-10-22 11:24:40 INFO  [org.springframework.boot.devtools.env.DevToolsPropertyDefaultsPostProcessor] Devtools property defaults active! Set 'spring.devtools.add-properties' to 'false' to disable
2019-10-22 11:24:40 INFO  [org.springframework.boot.devtools.env.DevToolsPropertyDefaultsPostProcessor] For additional web related logging consider setting the 'logging.level.web' property to 'DEBUG'
2019-10-22 11:24:44 WARN  [org.mybatis.spring.mapper.ClassPathMapperScanner] No MyBatis mapper was found in '[com.sagereal.provider]' package. Please check your configuration.
2019-10-22 11:24:45 INFO  [org.springframework.data.repository.config.RepositoryConfigurationDelegate] Bootstrapping Spring Data repositories in DEFAULT mode.
2019-10-22 11:24:45 INFO  [org.springframework.data.repository.config.RepositoryConfigurationDelegate] Finished Spring Data repository scanning in 204ms. Found 2 repository interfaces.
2019-10-22 11:24:46 INFO  [org.springframework.context.support.PostProcessorRegistrationDelegate$BeanPostProcessorChecker] Bean 'org.springframework.transaction.annotation.ProxyTransactionManagementConfiguration' of type [org.springframework.transaction.annotation.ProxyTransactionManagementConfiguration$$EnhancerBySpringCGLIB$$cd24429c] is not eligible for getting processed by all BeanPostProcessors (for example: not eligible for auto-proxying)
2019-10-22 11:24:47 INFO  [org.springframework.boot.web.embedded.tomcat.TomcatWebServer] Tomcat initialized with port(s): 8088 (http)
2019-10-22 11:24:47 INFO  [org.apache.catalina.core.StandardService] Starting service [Tomcat]
2019-10-22 11:24:47 INFO  [org.apache.catalina.core.StandardEngine] Starting Servlet engine: [Apache Tomcat/9.0.19]
2019-10-22 11:24:47 INFO  [org.apache.catalina.core.ContainerBase.[Tomcat].[localhost].[/provider]] Initializing Spring embedded WebApplicationContext
2019-10-22 11:24:47 INFO  [org.springframework.web.context.ContextLoader] Root WebApplicationContext: initialization completed in 7247 ms
2019-10-22 11:24:48 INFO  [com.zaxxer.hikari.HikariDataSource] HikariPool-1 - Starting...
2019-10-22 11:24:50 INFO  [com.zaxxer.hikari.HikariDataSource] HikariPool-1 - Start completed.
2019-10-22 11:24:51 INFO  [org.hibernate.jpa.internal.util.LogHelper] HHH000204: Processing PersistenceUnitInfo [
	name: default
	...]
2019-10-22 11:24:53 INFO  [org.hibernate.Version] HHH000412: Hibernate Core {5.3.10.Final}
2019-10-22 11:24:53 INFO  [org.hibernate.cfg.Environment] HHH000206: hibernate.properties not found
2019-10-22 11:24:56 INFO  [org.hibernate.annotations.common.Version] HCANN000001: Hibernate Commons Annotations {5.0.4.Final}
2019-10-22 11:24:59 INFO  [org.hibernate.dialect.Dialect] HHH000400: Using dialect: org.hibernate.dialect.H2Dialect
2019-10-22 11:25:10 INFO  [org.springframework.orm.jpa.LocalContainerEntityManagerFactoryBean] Initialized JPA EntityManagerFactory for persistence unit 'default'
2019-10-22 11:25:11 INFO  [org.springframework.boot.devtools.autoconfigure.OptionalLiveReloadServer] LiveReload server is running on port 35729
2019-10-22 11:25:12 INFO  [org.hibernate.hql.internal.QueryTranslatorFactoryInitiator] HHH000397: Using ASTQueryTranslatorFactory
2019-10-22 11:25:13 INFO  [org.springframework.scheduling.concurrent.ThreadPoolTaskExecutor] Initializing ExecutorService 'applicationTaskExecutor'
2019-10-22 11:25:14 WARN  [org.springframework.boot.autoconfigure.orm.jpa.JpaBaseConfiguration$JpaWebConfiguration$JpaWebMvcConfiguration] spring.jpa.open-in-view is enabled by default. Therefore, database queries may be performed during view rendering. Explicitly configure spring.jpa.open-in-view to disable this warning
2019-10-22 11:25:16 INFO  [org.springframework.scheduling.concurrent.ThreadPoolTaskScheduler] Initializing ExecutorService 'taskScheduler'
2019-10-22 11:25:16 INFO  [org.springframework.boot.web.embedded.tomcat.TomcatWebServer] Tomcat started on port(s): 8088 (http) with context path '/provider'
2019-10-22 11:25:16 INFO  [com.sagereal.provider.ProviderApplication] Started ProviderApplication in 40.01 seconds (JVM running for 43.371)
2019-10-22 11:25:27 INFO  [org.apache.catalina.core.ContainerBase.[Tomcat].[localhost].[/provider]] Initializing Spring DispatcherServlet 'dispatcherServlet'
2019-10-22 11:25:27 INFO  [org.springframework.web.servlet.DispatcherServlet] Initializing Servlet 'dispatcherServlet'
2019-10-22 11:25:27 INFO  [org.springframework.web.servlet.DispatcherServlet] Completed initialization in 85 ms
2019-10-22 11:30:30 INFO  [com.sagereal.provider.bean.ScheduledTask] 定时任务执行Tue Oct 22 11:30:30 CST 2019
2019-10-22 12:30:30 INFO  [com.sagereal.provider.bean.ScheduledTask] 定时任务执行Tue Oct 22 12:30:30 CST 2019
2019-10-22 12:58:34 INFO  [org.springframework.scheduling.concurrent.ThreadPoolTaskScheduler] Shutting down ExecutorService 'taskScheduler'
2019-10-22 12:58:34 INFO  [org.springframework.scheduling.concurrent.ThreadPoolTaskExecutor] Shutting down ExecutorService 'applicationTaskExecutor'
2019-10-22 12:58:34 INFO  [org.springframework.orm.jpa.LocalContainerEntityManagerFactoryBean] Closing JPA EntityManagerFactory for persistence unit 'default'
2019-10-22 12:58:34 INFO  [com.zaxxer.hikari.HikariDataSource] HikariPool-1 - Shutdown initiated...
2019-10-22 12:58:35 INFO  [com.zaxxer.hikari.HikariDataSource] HikariPool-1 - Shutdown completed.
2019-10-22 12:58:35 INFO  [com.sagereal.provider.ProviderApplication] Starting ProviderApplication on liaowenxing-ThinkStation-P310 with PID 25658 (/home/liaowenxing/workspace/provider/target/classes started by liaowenxing in /home/liaowenxing/workspace/provider)
2019-10-22 12:58:35 INFO  [com.sagereal.provider.ProviderApplication] No active profile set, falling back to default profiles: default
2019-10-22 12:58:35 WARN  [org.mybatis.spring.mapper.ClassPathMapperScanner] No MyBatis mapper was found in '[com.sagereal.provider]' package. Please check your configuration.
2019-10-22 12:58:35 INFO  [org.springframework.data.repository.config.RepositoryConfigurationDelegate] Bootstrapping Spring Data repositories in DEFAULT mode.
2019-10-22 12:58:35 INFO  [org.springframework.data.repository.config.RepositoryConfigurationDelegate] Finished Spring Data repository scanning in 6ms. Found 2 repository interfaces.
2019-10-22 12:58:35 INFO  [org.springframework.context.support.PostProcessorRegistrationDelegate$BeanPostProcessorChecker] Bean 'org.springframework.transaction.annotation.ProxyTransactionManagementConfiguration' of type [org.springframework.transaction.annotation.ProxyTransactionManagementConfiguration$$EnhancerBySpringCGLIB$$cd24429c] is not eligible for getting processed by all BeanPostProcessors (for example: not eligible for auto-proxying)
2019-10-22 12:58:35 INFO  [org.springframework.boot.web.embedded.tomcat.TomcatWebServer] Tomcat initialized with port(s): 8088 (http)
2019-10-22 12:58:35 INFO  [org.apache.catalina.core.StandardService] Starting service [Tomcat]
2019-10-22 12:58:35 INFO  [org.apache.catalina.core.StandardEngine] Starting Servlet engine: [Apache Tomcat/9.0.19]
2019-10-22 12:58:35 INFO  [org.apache.catalina.core.ContainerBase.[Tomcat].[localhost].[/provider]] Initializing Spring embedded WebApplicationContext
2019-10-22 12:58:35 INFO  [org.springframework.web.context.ContextLoader] Root WebApplicationContext: initialization completed in 311 ms
2019-10-22 12:58:35 INFO  [com.zaxxer.hikari.HikariDataSource] HikariPool-2 - Starting...
2019-10-22 12:58:35 INFO  [com.zaxxer.hikari.HikariDataSource] HikariPool-2 - Start completed.
2019-10-22 12:58:35 INFO  [org.hibernate.jpa.internal.util.LogHelper] HHH000204: Processing PersistenceUnitInfo [
	name: default
	...]
2019-10-22 12:58:35 INFO  [org.hibernate.dialect.Dialect] HHH000400: Using dialect: org.hibernate.dialect.H2Dialect
2019-10-22 12:58:35 INFO  [org.springframework.orm.jpa.LocalContainerEntityManagerFactoryBean] Initialized JPA EntityManagerFactory for persistence unit 'default'
2019-10-22 12:58:36 INFO  [org.springframework.boot.devtools.autoconfigure.OptionalLiveReloadServer] LiveReload server is running on port 35729
2019-10-22 12:58:36 INFO  [org.hibernate.hql.internal.QueryTranslatorFactoryInitiator] HHH000397: Using ASTQueryTranslatorFactory
2019-10-22 12:58:36 INFO  [org.springframework.scheduling.concurrent.ThreadPoolTaskExecutor] Initializing ExecutorService 'applicationTaskExecutor'
2019-10-22 12:58:36 WARN  [org.springframework.boot.web.servlet.context.AnnotationConfigServletWebServerApplicationContext] Exception encountered during context initialization - cancelling refresh attempt: org.springframework.beans.factory.BeanCreationException: Error creating bean with name 'scheduledTask' defined in file [/home/liaowenxing/workspace/provider/target/classes/com/sagereal/provider/bean/ScheduledTask.class]: Post-processing of merged bean definition failed; nested exception is java.lang.IllegalStateException: Failed to introspect Class [com.sagereal.provider.bean.ScheduledTask] from ClassLoader [org.springframework.boot.devtools.restart.classloader.RestartClassLoader@1748ae89]
2019-10-22 12:58:36 INFO  [org.springframework.scheduling.concurrent.ThreadPoolTaskExecutor] Shutting down ExecutorService 'applicationTaskExecutor'
2019-10-22 12:58:36 INFO  [org.springframework.orm.jpa.LocalContainerEntityManagerFactoryBean] Closing JPA EntityManagerFactory for persistence unit 'default'
2019-10-22 12:58:36 INFO  [com.zaxxer.hikari.HikariDataSource] HikariPool-2 - Shutdown initiated...
2019-10-22 12:58:36 INFO  [com.zaxxer.hikari.HikariDataSource] HikariPool-2 - Shutdown completed.
2019-10-22 12:58:36 INFO  [org.apache.catalina.core.StandardService] Stopping service [Tomcat]
2019-10-22 12:58:36 INFO  [org.springframework.boot.autoconfigure.logging.ConditionEvaluationReportLoggingListener] 

Error starting ApplicationContext. To display the conditions report re-run your application with 'debug' enabled.
2019-10-22 12:58:36 ERROR [org.springframework.boot.SpringApplication] Application run failed
org.springframework.beans.factory.BeanCreationException: Error creating bean with name 'scheduledTask' defined in file [/home/liaowenxing/workspace/provider/target/classes/com/sagereal/provider/bean/ScheduledTask.class]: Post-processing of merged bean definition failed; nested exception is java.lang.IllegalStateException: Failed to introspect Class [com.sagereal.provider.bean.ScheduledTask] from ClassLoader [org.springframework.boot.devtools.restart.classloader.RestartClassLoader@1748ae89]
	at org.springframework.beans.factory.support.AbstractAutowireCapableBeanFactory.doCreateBean(AbstractAutowireCapableBeanFactory.java:570) ~[spring-beans-5.1.7.RELEASE.jar:5.1.7.RELEASE]
	at org.springframework.beans.factory.support.AbstractAutowireCapableBeanFactory.createBean(AbstractAutowireCapableBeanFactory.java:515) ~[spring-beans-5.1.7.RELEASE.jar:5.1.7.RELEASE]
	at org.springframework.beans.factory.support.AbstractBeanFactory.lambda$doGetBean$0(AbstractBeanFactory.java:320) ~[spring-beans-5.1.7.RELEASE.jar:5.1.7.RELEASE]
	at org.springframework.beans.factory.support.DefaultSingletonBeanRegistry.getSingleton(DefaultSingletonBeanRegistry.java:222) ~[spring-beans-5.1.7.RELEASE.jar:5.1.7.RELEASE]
	at org.springframework.beans.factory.support.AbstractBeanFactory.doGetBean(AbstractBeanFactory.java:318) ~[spring-beans-5.1.7.RELEASE.jar:5.1.7.RELEASE]
	at org.springframework.beans.factory.support.AbstractBeanFactory.getBean(AbstractBeanFactory.java:199) ~[spring-beans-5.1.7.RELEASE.jar:5.1.7.RELEASE]
	at org.springframework.beans.factory.support.DefaultListableBeanFactory.preInstantiateSingletons(DefaultListableBeanFactory.java:843) ~[spring-beans-5.1.7.RELEASE.jar:5.1.7.RELEASE]
	at org.springframework.context.support.AbstractApplicationContext.finishBeanFactoryInitialization(AbstractApplicationContext.java:877) ~[spring-context-5.1.7.RELEASE.jar:5.1.7.RELEASE]
	at org.springframework.context.support.AbstractApplicationContext.refresh(AbstractApplicationContext.java:549) ~[spring-context-5.1.7.RELEASE.jar:5.1.7.RELEASE]
	at org.springframework.boot.web.servlet.context.ServletWebServerApplicationContext.refresh(ServletWebServerApplicationContext.java:142) ~[spring-boot-2.1.5.RELEASE.jar:2.1.5.RELEASE]
	at org.springframework.boot.SpringApplication.refresh(SpringApplication.java:775) [spring-boot-2.1.5.RELEASE.jar:2.1.5.RELEASE]
	at org.springframework.boot.SpringApplication.refreshContext(SpringApplication.java:397) [spring-boot-2.1.5.RELEASE.jar:2.1.5.RELEASE]
	at org.springframework.boot.SpringApplication.run(SpringApplication.java:316) [spring-boot-2.1.5.RELEASE.jar:2.1.5.RELEASE]
	at org.springframework.boot.SpringApplication.run(SpringApplication.java:1260) [spring-boot-2.1.5.RELEASE.jar:2.1.5.RELEASE]
	at org.springframework.boot.SpringApplication.run(SpringApplication.java:1248) [spring-boot-2.1.5.RELEASE.jar:2.1.5.RELEASE]
	at com.sagereal.provider.ProviderApplication.main(ProviderApplication.java:12) [classes/:na]
	at sun.reflect.NativeMethodAccessorImpl.invoke0(Native Method) ~[na:1.8.0_171]
	at sun.reflect.NativeMethodAccessorImpl.invoke(NativeMethodAccessorImpl.java:62) ~[na:1.8.0_171]
	at sun.reflect.DelegatingMethodAccessorImpl.invoke(DelegatingMethodAccessorImpl.java:43) ~[na:1.8.0_171]
	at java.lang.reflect.Method.invoke(Method.java:498) ~[na:1.8.0_171]
	at org.springframework.boot.devtools.restart.RestartLauncher.run(RestartLauncher.java:49) [spring-boot-devtools-2.1.5.RELEASE.jar:2.1.5.RELEASE]
Caused by: java.lang.IllegalStateException: Failed to introspect Class [com.sagereal.provider.bean.ScheduledTask] from ClassLoader [org.springframework.boot.devtools.restart.classloader.RestartClassLoader@1748ae89]
	at org.springframework.util.ReflectionUtils.getDeclaredFields(ReflectionUtils.java:760) ~[spring-core-5.1.7.RELEASE.jar:5.1.7.RELEASE]
	at org.springframework.util.ReflectionUtils.doWithLocalFields(ReflectionUtils.java:692) ~[spring-core-5.1.7.RELEASE.jar:5.1.7.RELEASE]
	at org.springframework.orm.jpa.support.PersistenceAnnotationBeanPostProcessor.buildPersistenceMetadata(PersistenceAnnotationBeanPostProcessor.java:422) ~[spring-orm-5.1.7.RELEASE.jar:5.1.7.RELEASE]
	at org.springframework.orm.jpa.support.PersistenceAnnotationBeanPostProcessor.findPersistenceMetadata(PersistenceAnnotationBeanPostProcessor.java:406) ~[spring-orm-5.1.7.RELEASE.jar:5.1.7.RELEASE]
	at org.springframework.orm.jpa.support.PersistenceAnnotationBeanPostProcessor.postProcessMergedBeanDefinition(PersistenceAnnotationBeanPostProcessor.java:333) ~[spring-orm-5.1.7.RELEASE.jar:5.1.7.RELEASE]
	at org.springframework.beans.factory.support.AbstractAutowireCapableBeanFactory.applyMergedBeanDefinitionPostProcessors(AbstractAutowireCapableBeanFactory.java:1077) ~[spring-beans-5.1.7.RELEASE.jar:5.1.7.RELEASE]
	at org.springframework.beans.factory.support.AbstractAutowireCapableBeanFactory.doCreateBean(AbstractAutowireCapableBeanFactory.java:567) ~[spring-beans-5.1.7.RELEASE.jar:5.1.7.RELEASE]
	... 20 common frames omitted
Caused by: java.lang.NoClassDefFoundError: Lcom/sagereal/provider/service/IssueService;
	at java.lang.Class.getDeclaredFields0(Native Method) ~[na:1.8.0_171]
	at java.lang.Class.privateGetDeclaredFields(Class.java:2583) ~[na:1.8.0_171]
	at java.lang.Class.getDeclaredFields(Class.java:1916) ~[na:1.8.0_171]
	at org.springframework.util.ReflectionUtils.getDeclaredFields(ReflectionUtils.java:755) ~[spring-core-5.1.7.RELEASE.jar:5.1.7.RELEASE]
	... 26 common frames omitted
Caused by: java.lang.ClassNotFoundException: com.sagereal.provider.service.IssueService
	at java.net.URLClassLoader.findClass(URLClassLoader.java:381) ~[na:1.8.0_171]
	at java.lang.ClassLoader.loadClass(ClassLoader.java:424) ~[na:1.8.0_171]
	at sun.misc.Launcher$AppClassLoader.loadClass(Launcher.java:349) ~[na:1.8.0_171]
	at java.lang.ClassLoader.loadClass(ClassLoader.java:357) ~[na:1.8.0_171]
	at org.springframework.boot.devtools.restart.classloader.RestartClassLoader.loadClass(RestartClassLoader.java:148) ~[spring-boot-devtools-2.1.5.RELEASE.jar:2.1.5.RELEASE]
	at java.lang.ClassLoader.loadClass(ClassLoader.java:357) ~[na:1.8.0_171]
	... 30 common frames omitted
2019-10-22 13:02:57 INFO  [com.sagereal.provider.ProviderApplication] Starting ProviderApplication on liaowenxing-ThinkStation-P310 with PID 25658 (/home/liaowenxing/workspace/provider/target/classes started by liaowenxing in /home/liaowenxing/workspace/provider)
2019-10-22 13:02:57 INFO  [com.sagereal.provider.ProviderApplication] No active profile set, falling back to default profiles: default
2019-10-22 13:02:57 WARN  [org.mybatis.spring.mapper.ClassPathMapperScanner] No MyBatis mapper was found in '[com.sagereal.provider]' package. Please check your configuration.
2019-10-22 13:02:57 INFO  [org.springframework.data.repository.config.RepositoryConfigurationDelegate] Bootstrapping Spring Data repositories in DEFAULT mode.
2019-10-22 13:02:57 INFO  [org.springframework.data.repository.config.RepositoryConfigurationDelegate] Finished Spring Data repository scanning in 7ms. Found 2 repository interfaces.
2019-10-22 13:02:58 INFO  [org.springframework.context.support.PostProcessorRegistrationDelegate$BeanPostProcessorChecker] Bean 'org.springframework.transaction.annotation.ProxyTransactionManagementConfiguration' of type [org.springframework.transaction.annotation.ProxyTransactionManagementConfiguration$$EnhancerBySpringCGLIB$$cd24429c] is not eligible for getting processed by all BeanPostProcessors (for example: not eligible for auto-proxying)
2019-10-22 13:02:58 INFO  [org.springframework.boot.web.embedded.tomcat.TomcatWebServer] Tomcat initialized with port(s): 8088 (http)
2019-10-22 13:02:58 INFO  [org.apache.catalina.core.StandardService] Starting service [Tomcat]
2019-10-22 13:02:58 INFO  [org.apache.catalina.core.StandardEngine] Starting Servlet engine: [Apache Tomcat/9.0.19]
2019-10-22 13:02:58 INFO  [org.apache.catalina.core.ContainerBase.[Tomcat-1].[localhost].[/provider]] Initializing Spring embedded WebApplicationContext
2019-10-22 13:02:58 INFO  [org.springframework.web.context.ContextLoader] Root WebApplicationContext: initialization completed in 295 ms
2019-10-22 13:02:58 INFO  [com.zaxxer.hikari.HikariDataSource] HikariPool-3 - Starting...
2019-10-22 13:02:58 INFO  [com.zaxxer.hikari.HikariDataSource] HikariPool-3 - Start completed.
2019-10-22 13:02:58 INFO  [org.hibernate.jpa.internal.util.LogHelper] HHH000204: Processing PersistenceUnitInfo [
	name: default
	...]
2019-10-22 13:02:58 INFO  [org.hibernate.dialect.Dialect] HHH000400: Using dialect: org.hibernate.dialect.H2Dialect
2019-10-22 13:02:58 INFO  [org.springframework.orm.jpa.LocalContainerEntityManagerFactoryBean] Initialized JPA EntityManagerFactory for persistence unit 'default'
2019-10-22 13:02:58 INFO  [org.springframework.boot.devtools.autoconfigure.OptionalLiveReloadServer] LiveReload server is running on port 35729
2019-10-22 13:02:58 INFO  [org.hibernate.hql.internal.QueryTranslatorFactoryInitiator] HHH000397: Using ASTQueryTranslatorFactory
2019-10-22 13:02:58 INFO  [org.springframework.scheduling.concurrent.ThreadPoolTaskExecutor] Initializing ExecutorService 'applicationTaskExecutor'
2019-10-22 13:02:58 WARN  [org.springframework.boot.autoconfigure.orm.jpa.JpaBaseConfiguration$JpaWebConfiguration$JpaWebMvcConfiguration] spring.jpa.open-in-view is enabled by default. Therefore, database queries may be performed during view rendering. Explicitly configure spring.jpa.open-in-view to disable this warning
2019-10-22 13:02:58 INFO  [org.springframework.scheduling.concurrent.ThreadPoolTaskScheduler] Initializing ExecutorService 'taskScheduler'
2019-10-22 13:02:58 INFO  [org.springframework.boot.web.embedded.tomcat.TomcatWebServer] Tomcat started on port(s): 8088 (http) with context path '/provider'
2019-10-22 13:02:58 INFO  [com.sagereal.provider.ProviderApplication] Started ProviderApplication in 0.773 seconds (JVM running for 5905.007)
2019-10-22 13:02:58 INFO  [org.springframework.boot.devtools.autoconfigure.ConditionEvaluationDeltaLoggingListener] Condition evaluation unchanged
2019-10-22 13:07:30 INFO  [org.springframework.scheduling.concurrent.ThreadPoolTaskScheduler] Shutting down ExecutorService 'taskScheduler'
2019-10-22 13:07:30 INFO  [org.springframework.scheduling.concurrent.ThreadPoolTaskExecutor] Shutting down ExecutorService 'applicationTaskExecutor'
2019-10-22 13:07:30 INFO  [org.springframework.orm.jpa.LocalContainerEntityManagerFactoryBean] Closing JPA EntityManagerFactory for persistence unit 'default'
2019-10-22 13:07:30 INFO  [com.zaxxer.hikari.HikariDataSource] HikariPool-3 - Shutdown initiated...
2019-10-22 13:07:31 INFO  [com.zaxxer.hikari.HikariDataSource] HikariPool-3 - Shutdown completed.
2019-10-22 13:07:31 INFO  [com.sagereal.provider.ProviderApplication] Starting ProviderApplication on liaowenxing-ThinkStation-P310 with PID 25658 (/home/liaowenxing/workspace/provider/target/classes started by liaowenxing in /home/liaowenxing/workspace/provider)
2019-10-22 13:07:31 INFO  [com.sagereal.provider.ProviderApplication] No active profile set, falling back to default profiles: default
2019-10-22 13:07:31 WARN  [org.mybatis.spring.mapper.ClassPathMapperScanner] No MyBatis mapper was found in '[com.sagereal.provider]' package. Please check your configuration.
2019-10-22 13:07:31 INFO  [org.springframework.data.repository.config.RepositoryConfigurationDelegate] Bootstrapping Spring Data repositories in DEFAULT mode.
2019-10-22 13:07:31 INFO  [org.springframework.data.repository.config.RepositoryConfigurationDelegate] Finished Spring Data repository scanning in 6ms. Found 2 repository interfaces.
2019-10-22 13:07:31 INFO  [org.springframework.context.support.PostProcessorRegistrationDelegate$BeanPostProcessorChecker] Bean 'org.springframework.transaction.annotation.ProxyTransactionManagementConfiguration' of type [org.springframework.transaction.annotation.ProxyTransactionManagementConfiguration$$EnhancerBySpringCGLIB$$cd24429c] is not eligible for getting processed by all BeanPostProcessors (for example: not eligible for auto-proxying)
2019-10-22 13:07:31 INFO  [org.springframework.boot.web.embedded.tomcat.TomcatWebServer] Tomcat initialized with port(s): 8088 (http)
2019-10-22 13:07:31 INFO  [org.apache.catalina.core.StandardService] Starting service [Tomcat]
2019-10-22 13:07:31 INFO  [org.apache.catalina.core.StandardEngine] Starting Servlet engine: [Apache Tomcat/9.0.19]
2019-10-22 13:07:31 INFO  [org.apache.catalina.core.ContainerBase.[Tomcat-1].[localhost].[/provider]] Initializing Spring embedded WebApplicationContext
2019-10-22 13:07:31 INFO  [org.springframework.web.context.ContextLoader] Root WebApplicationContext: initialization completed in 209 ms
2019-10-22 13:07:31 INFO  [com.zaxxer.hikari.HikariDataSource] HikariPool-4 - Starting...
2019-10-22 13:07:31 INFO  [com.zaxxer.hikari.HikariDataSource] HikariPool-4 - Start completed.
2019-10-22 13:07:31 INFO  [org.hibernate.jpa.internal.util.LogHelper] HHH000204: Processing PersistenceUnitInfo [
	name: default
	...]
2019-10-22 13:07:31 INFO  [org.hibernate.dialect.Dialect] HHH000400: Using dialect: org.hibernate.dialect.H2Dialect
2019-10-22 13:07:31 INFO  [org.springframework.orm.jpa.LocalContainerEntityManagerFactoryBean] Initialized JPA EntityManagerFactory for persistence unit 'default'
2019-10-22 13:07:31 INFO  [org.springframework.boot.devtools.autoconfigure.OptionalLiveReloadServer] LiveReload server is running on port 35729
2019-10-22 13:07:31 INFO  [org.hibernate.hql.internal.QueryTranslatorFactoryInitiator] HHH000397: Using ASTQueryTranslatorFactory
2019-10-22 13:07:31 INFO  [org.springframework.scheduling.concurrent.ThreadPoolTaskExecutor] Initializing ExecutorService 'applicationTaskExecutor'
2019-10-22 13:07:31 WARN  [org.springframework.boot.web.servlet.context.AnnotationConfigServletWebServerApplicationContext] Exception encountered during context initialization - cancelling refresh attempt: org.springframework.beans.factory.BeanCreationException: Error creating bean with name 'scheduledTask' defined in file [/home/liaowenxing/workspace/provider/target/classes/com/sagereal/provider/bean/ScheduledTask.class]: Post-processing of merged bean definition failed; nested exception is java.lang.IllegalStateException: Failed to introspect Class [com.sagereal.provider.bean.ScheduledTask] from ClassLoader [org.springframework.boot.devtools.restart.classloader.RestartClassLoader@7e6beeeb]
2019-10-22 13:07:31 INFO  [org.springframework.scheduling.concurrent.ThreadPoolTaskExecutor] Shutting down ExecutorService 'applicationTaskExecutor'
2019-10-22 13:07:31 INFO  [org.springframework.orm.jpa.LocalContainerEntityManagerFactoryBean] Closing JPA EntityManagerFactory for persistence unit 'default'
2019-10-22 13:07:31 INFO  [com.zaxxer.hikari.HikariDataSource] HikariPool-4 - Shutdown initiated...
2019-10-22 13:07:32 INFO  [com.zaxxer.hikari.HikariDataSource] HikariPool-4 - Shutdown completed.
2019-10-22 13:07:32 INFO  [org.apache.catalina.core.StandardService] Stopping service [Tomcat]
2019-10-22 13:07:32 INFO  [org.springframework.boot.autoconfigure.logging.ConditionEvaluationReportLoggingListener] 

Error starting ApplicationContext. To display the conditions report re-run your application with 'debug' enabled.
2019-10-22 13:07:32 ERROR [org.springframework.boot.SpringApplication] Application run failed
org.springframework.beans.factory.BeanCreationException: Error creating bean with name 'scheduledTask' defined in file [/home/liaowenxing/workspace/provider/target/classes/com/sagereal/provider/bean/ScheduledTask.class]: Post-processing of merged bean definition failed; nested exception is java.lang.IllegalStateException: Failed to introspect Class [com.sagereal.provider.bean.ScheduledTask] from ClassLoader [org.springframework.boot.devtools.restart.classloader.RestartClassLoader@7e6beeeb]
	at org.springframework.beans.factory.support.AbstractAutowireCapableBeanFactory.doCreateBean(AbstractAutowireCapableBeanFactory.java:570) ~[spring-beans-5.1.7.RELEASE.jar:5.1.7.RELEASE]
	at org.springframework.beans.factory.support.AbstractAutowireCapableBeanFactory.createBean(AbstractAutowireCapableBeanFactory.java:515) ~[spring-beans-5.1.7.RELEASE.jar:5.1.7.RELEASE]
	at org.springframework.beans.factory.support.AbstractBeanFactory.lambda$doGetBean$0(AbstractBeanFactory.java:320) ~[spring-beans-5.1.7.RELEASE.jar:5.1.7.RELEASE]
	at org.springframework.beans.factory.support.DefaultSingletonBeanRegistry.getSingleton(DefaultSingletonBeanRegistry.java:222) ~[spring-beans-5.1.7.RELEASE.jar:5.1.7.RELEASE]
	at org.springframework.beans.factory.support.AbstractBeanFactory.doGetBean(AbstractBeanFactory.java:318) ~[spring-beans-5.1.7.RELEASE.jar:5.1.7.RELEASE]
	at org.springframework.beans.factory.support.AbstractBeanFactory.getBean(AbstractBeanFactory.java:199) ~[spring-beans-5.1.7.RELEASE.jar:5.1.7.RELEASE]
	at org.springframework.beans.factory.support.DefaultListableBeanFactory.preInstantiateSingletons(DefaultListableBeanFactory.java:843) ~[spring-beans-5.1.7.RELEASE.jar:5.1.7.RELEASE]
	at org.springframework.context.support.AbstractApplicationContext.finishBeanFactoryInitialization(AbstractApplicationContext.java:877) ~[spring-context-5.1.7.RELEASE.jar:5.1.7.RELEASE]
	at org.springframework.context.support.AbstractApplicationContext.refresh(AbstractApplicationContext.java:549) ~[spring-context-5.1.7.RELEASE.jar:5.1.7.RELEASE]
	at org.springframework.boot.web.servlet.context.ServletWebServerApplicationContext.refresh(ServletWebServerApplicationContext.java:142) ~[spring-boot-2.1.5.RELEASE.jar:2.1.5.RELEASE]
	at org.springframework.boot.SpringApplication.refresh(SpringApplication.java:775) [spring-boot-2.1.5.RELEASE.jar:2.1.5.RELEASE]
	at org.springframework.boot.SpringApplication.refreshContext(SpringApplication.java:397) [spring-boot-2.1.5.RELEASE.jar:2.1.5.RELEASE]
	at org.springframework.boot.SpringApplication.run(SpringApplication.java:316) [spring-boot-2.1.5.RELEASE.jar:2.1.5.RELEASE]
	at org.springframework.boot.SpringApplication.run(SpringApplication.java:1260) [spring-boot-2.1.5.RELEASE.jar:2.1.5.RELEASE]
	at org.springframework.boot.SpringApplication.run(SpringApplication.java:1248) [spring-boot-2.1.5.RELEASE.jar:2.1.5.RELEASE]
	at com.sagereal.provider.ProviderApplication.main(ProviderApplication.java:12) [classes/:na]
	at sun.reflect.NativeMethodAccessorImpl.invoke0(Native Method) ~[na:1.8.0_171]
	at sun.reflect.NativeMethodAccessorImpl.invoke(NativeMethodAccessorImpl.java:62) ~[na:1.8.0_171]
	at sun.reflect.DelegatingMethodAccessorImpl.invoke(DelegatingMethodAccessorImpl.java:43) ~[na:1.8.0_171]
	at java.lang.reflect.Method.invoke(Method.java:498) ~[na:1.8.0_171]
	at org.springframework.boot.devtools.restart.RestartLauncher.run(RestartLauncher.java:49) [spring-boot-devtools-2.1.5.RELEASE.jar:2.1.5.RELEASE]
Caused by: java.lang.IllegalStateException: Failed to introspect Class [com.sagereal.provider.bean.ScheduledTask] from ClassLoader [org.springframework.boot.devtools.restart.classloader.RestartClassLoader@7e6beeeb]
	at org.springframework.util.ReflectionUtils.getDeclaredFields(ReflectionUtils.java:760) ~[spring-core-5.1.7.RELEASE.jar:5.1.7.RELEASE]
	at org.springframework.util.ReflectionUtils.doWithLocalFields(ReflectionUtils.java:692) ~[spring-core-5.1.7.RELEASE.jar:5.1.7.RELEASE]
	at org.springframework.orm.jpa.support.PersistenceAnnotationBeanPostProcessor.buildPersistenceMetadata(PersistenceAnnotationBeanPostProcessor.java:422) ~[spring-orm-5.1.7.RELEASE.jar:5.1.7.RELEASE]
	at org.springframework.orm.jpa.support.PersistenceAnnotationBeanPostProcessor.findPersistenceMetadata(PersistenceAnnotationBeanPostProcessor.java:406) ~[spring-orm-5.1.7.RELEASE.jar:5.1.7.RELEASE]
	at org.springframework.orm.jpa.support.PersistenceAnnotationBeanPostProcessor.postProcessMergedBeanDefinition(PersistenceAnnotationBeanPostProcessor.java:333) ~[spring-orm-5.1.7.RELEASE.jar:5.1.7.RELEASE]
	at org.springframework.beans.factory.support.AbstractAutowireCapableBeanFactory.applyMergedBeanDefinitionPostProcessors(AbstractAutowireCapableBeanFactory.java:1077) ~[spring-beans-5.1.7.RELEASE.jar:5.1.7.RELEASE]
	at org.springframework.beans.factory.support.AbstractAutowireCapableBeanFactory.doCreateBean(AbstractAutowireCapableBeanFactory.java:567) ~[spring-beans-5.1.7.RELEASE.jar:5.1.7.RELEASE]
	... 20 common frames omitted
Caused by: java.lang.NoClassDefFoundError: Lcom/sagereal/provider/service/IssueService;
	at java.lang.Class.getDeclaredFields0(Native Method) ~[na:1.8.0_171]
	at java.lang.Class.privateGetDeclaredFields(Class.java:2583) ~[na:1.8.0_171]
	at java.lang.Class.getDeclaredFields(Class.java:1916) ~[na:1.8.0_171]
	at org.springframework.util.ReflectionUtils.getDeclaredFields(ReflectionUtils.java:755) ~[spring-core-5.1.7.RELEASE.jar:5.1.7.RELEASE]
	... 26 common frames omitted
Caused by: java.lang.ClassNotFoundException: com.sagereal.provider.service.IssueService
	at java.net.URLClassLoader.findClass(URLClassLoader.java:381) ~[na:1.8.0_171]
	at java.lang.ClassLoader.loadClass(ClassLoader.java:424) ~[na:1.8.0_171]
	at sun.misc.Launcher$AppClassLoader.loadClass(Launcher.java:349) ~[na:1.8.0_171]
	at java.lang.ClassLoader.loadClass(ClassLoader.java:357) ~[na:1.8.0_171]
	at org.springframework.boot.devtools.restart.classloader.RestartClassLoader.loadClass(RestartClassLoader.java:148) ~[spring-boot-devtools-2.1.5.RELEASE.jar:2.1.5.RELEASE]
	at java.lang.ClassLoader.loadClass(ClassLoader.java:357) ~[na:1.8.0_171]
	... 30 common frames omitted
2019-10-22 13:08:17 INFO  [com.sagereal.provider.ProviderApplication] Starting ProviderApplication on liaowenxing-ThinkStation-P310 with PID 25658 (/home/liaowenxing/workspace/provider/target/classes started by liaowenxing in /home/liaowenxing/workspace/provider)
2019-10-22 13:08:17 INFO  [com.sagereal.provider.ProviderApplication] No active profile set, falling back to default profiles: default
2019-10-22 13:08:18 WARN  [org.mybatis.spring.mapper.ClassPathMapperScanner] No MyBatis mapper was found in '[com.sagereal.provider]' package. Please check your configuration.
2019-10-22 13:08:18 INFO  [org.springframework.data.repository.config.RepositoryConfigurationDelegate] Bootstrapping Spring Data repositories in DEFAULT mode.
2019-10-22 13:08:18 INFO  [org.springframework.data.repository.config.RepositoryConfigurationDelegate] Finished Spring Data repository scanning in 10ms. Found 2 repository interfaces.
2019-10-22 13:08:18 INFO  [org.springframework.context.support.PostProcessorRegistrationDelegate$BeanPostProcessorChecker] Bean 'org.springframework.transaction.annotation.ProxyTransactionManagementConfiguration' of type [org.springframework.transaction.annotation.ProxyTransactionManagementConfiguration$$EnhancerBySpringCGLIB$$cd24429c] is not eligible for getting processed by all BeanPostProcessors (for example: not eligible for auto-proxying)
2019-10-22 13:08:18 INFO  [org.springframework.boot.web.embedded.tomcat.TomcatWebServer] Tomcat initialized with port(s): 8088 (http)
2019-10-22 13:08:18 INFO  [org.apache.catalina.core.StandardService] Starting service [Tomcat]
2019-10-22 13:08:18 INFO  [org.apache.catalina.core.StandardEngine] Starting Servlet engine: [Apache Tomcat/9.0.19]
2019-10-22 13:08:18 INFO  [org.apache.catalina.core.ContainerBase.[Tomcat-2].[localhost].[/provider]] Initializing Spring embedded WebApplicationContext
2019-10-22 13:08:18 INFO  [org.springframework.web.context.ContextLoader] Root WebApplicationContext: initialization completed in 484 ms
2019-10-22 13:08:18 INFO  [com.zaxxer.hikari.HikariDataSource] HikariPool-5 - Starting...
2019-10-22 13:08:18 INFO  [com.zaxxer.hikari.HikariDataSource] HikariPool-5 - Start completed.
2019-10-22 13:08:18 INFO  [org.hibernate.jpa.internal.util.LogHelper] HHH000204: Processing PersistenceUnitInfo [
	name: default
	...]
2019-10-22 13:08:18 INFO  [org.hibernate.dialect.Dialect] HHH000400: Using dialect: org.hibernate.dialect.H2Dialect
2019-10-22 13:08:18 INFO  [org.springframework.orm.jpa.LocalContainerEntityManagerFactoryBean] Initialized JPA EntityManagerFactory for persistence unit 'default'
2019-10-22 13:08:18 INFO  [org.springframework.boot.devtools.autoconfigure.OptionalLiveReloadServer] LiveReload server is running on port 35729
2019-10-22 13:08:18 INFO  [org.hibernate.hql.internal.QueryTranslatorFactoryInitiator] HHH000397: Using ASTQueryTranslatorFactory
2019-10-22 13:08:18 INFO  [org.springframework.scheduling.concurrent.ThreadPoolTaskExecutor] Initializing ExecutorService 'applicationTaskExecutor'
2019-10-22 13:08:18 WARN  [org.springframework.boot.autoconfigure.orm.jpa.JpaBaseConfiguration$JpaWebConfiguration$JpaWebMvcConfiguration] spring.jpa.open-in-view is enabled by default. Therefore, database queries may be performed during view rendering. Explicitly configure spring.jpa.open-in-view to disable this warning
2019-10-22 13:08:18 INFO  [org.springframework.scheduling.concurrent.ThreadPoolTaskScheduler] Initializing ExecutorService 'taskScheduler'
2019-10-22 13:08:18 INFO  [org.springframework.boot.web.embedded.tomcat.TomcatWebServer] Tomcat started on port(s): 8088 (http) with context path '/provider'
2019-10-22 13:08:18 INFO  [com.sagereal.provider.ProviderApplication] Started ProviderApplication in 0.947 seconds (JVM running for 6225.062)
2019-10-22 13:08:18 INFO  [org.springframework.boot.devtools.autoconfigure.ConditionEvaluationDeltaLoggingListener] Condition evaluation unchanged
2019-10-22 13:08:58 INFO  [org.springframework.scheduling.concurrent.ThreadPoolTaskScheduler] Shutting down ExecutorService 'taskScheduler'
2019-10-22 13:08:58 INFO  [org.springframework.scheduling.concurrent.ThreadPoolTaskExecutor] Shutting down ExecutorService 'applicationTaskExecutor'
2019-10-22 13:08:58 INFO  [org.springframework.orm.jpa.LocalContainerEntityManagerFactoryBean] Closing JPA EntityManagerFactory for persistence unit 'default'
2019-10-22 13:08:58 INFO  [com.zaxxer.hikari.HikariDataSource] HikariPool-5 - Shutdown initiated...
2019-10-22 13:08:58 INFO  [com.zaxxer.hikari.HikariDataSource] HikariPool-5 - Shutdown completed.
2019-10-22 13:08:58 INFO  [com.sagereal.provider.ProviderApplication] Starting ProviderApplication on liaowenxing-ThinkStation-P310 with PID 25658 (/home/liaowenxing/workspace/provider/target/classes started by liaowenxing in /home/liaowenxing/workspace/provider)
2019-10-22 13:08:58 INFO  [com.sagereal.provider.ProviderApplication] No active profile set, falling back to default profiles: default
2019-10-22 13:08:58 WARN  [org.mybatis.spring.mapper.ClassPathMapperScanner] No MyBatis mapper was found in '[com.sagereal.provider]' package. Please check your configuration.
2019-10-22 13:08:59 INFO  [org.springframework.data.repository.config.RepositoryConfigurationDelegate] Bootstrapping Spring Data repositories in DEFAULT mode.
2019-10-22 13:08:59 INFO  [org.springframework.data.repository.config.RepositoryConfigurationDelegate] Finished Spring Data repository scanning in 9ms. Found 2 repository interfaces.
2019-10-22 13:08:59 INFO  [org.springframework.context.support.PostProcessorRegistrationDelegate$BeanPostProcessorChecker] Bean 'org.springframework.transaction.annotation.ProxyTransactionManagementConfiguration' of type [org.springframework.transaction.annotation.ProxyTransactionManagementConfiguration$$EnhancerBySpringCGLIB$$cd24429c] is not eligible for getting processed by all BeanPostProcessors (for example: not eligible for auto-proxying)
2019-10-22 13:08:59 INFO  [org.springframework.boot.web.embedded.tomcat.TomcatWebServer] Tomcat initialized with port(s): 8088 (http)
2019-10-22 13:08:59 INFO  [org.apache.catalina.core.StandardService] Starting service [Tomcat]
2019-10-22 13:08:59 INFO  [org.apache.catalina.core.StandardEngine] Starting Servlet engine: [Apache Tomcat/9.0.19]
2019-10-22 13:08:59 INFO  [org.apache.catalina.core.ContainerBase.[Tomcat-2].[localhost].[/provider]] Initializing Spring embedded WebApplicationContext
2019-10-22 13:08:59 INFO  [org.springframework.web.context.ContextLoader] Root WebApplicationContext: initialization completed in 287 ms
2019-10-22 13:08:59 INFO  [com.zaxxer.hikari.HikariDataSource] HikariPool-6 - Starting...
2019-10-22 13:08:59 INFO  [com.zaxxer.hikari.HikariDataSource] HikariPool-6 - Start completed.
2019-10-22 13:08:59 INFO  [org.hibernate.jpa.internal.util.LogHelper] HHH000204: Processing PersistenceUnitInfo [
	name: default
	...]
2019-10-22 13:08:59 INFO  [org.hibernate.dialect.Dialect] HHH000400: Using dialect: org.hibernate.dialect.H2Dialect
2019-10-22 13:08:59 INFO  [org.springframework.orm.jpa.LocalContainerEntityManagerFactoryBean] Initialized JPA EntityManagerFactory for persistence unit 'default'
2019-10-22 13:08:59 INFO  [org.springframework.boot.devtools.autoconfigure.OptionalLiveReloadServer] LiveReload server is running on port 35729
2019-10-22 13:08:59 INFO  [org.hibernate.hql.internal.QueryTranslatorFactoryInitiator] HHH000397: Using ASTQueryTranslatorFactory
2019-10-22 13:08:59 INFO  [org.springframework.scheduling.concurrent.ThreadPoolTaskExecutor] Initializing ExecutorService 'applicationTaskExecutor'
2019-10-22 13:08:59 WARN  [org.springframework.boot.autoconfigure.orm.jpa.JpaBaseConfiguration$JpaWebConfiguration$JpaWebMvcConfiguration] spring.jpa.open-in-view is enabled by default. Therefore, database queries may be performed during view rendering. Explicitly configure spring.jpa.open-in-view to disable this warning
2019-10-22 13:08:59 INFO  [org.springframework.scheduling.concurrent.ThreadPoolTaskScheduler] Initializing ExecutorService 'taskScheduler'
2019-10-22 13:08:59 INFO  [org.springframework.boot.web.embedded.tomcat.TomcatWebServer] Tomcat started on port(s): 8088 (http) with context path '/provider'
2019-10-22 13:08:59 INFO  [com.sagereal.provider.ProviderApplication] Started ProviderApplication in 0.665 seconds (JVM running for 6265.934)
2019-10-22 13:08:59 INFO  [org.springframework.boot.devtools.autoconfigure.ConditionEvaluationDeltaLoggingListener] Condition evaluation unchanged
2019-10-22 13:09:39 INFO  [org.springframework.scheduling.concurrent.ThreadPoolTaskScheduler] Shutting down ExecutorService 'taskScheduler'
2019-10-22 13:09:39 INFO  [org.springframework.scheduling.concurrent.ThreadPoolTaskExecutor] Shutting down ExecutorService 'applicationTaskExecutor'
2019-10-22 13:09:39 INFO  [org.springframework.orm.jpa.LocalContainerEntityManagerFactoryBean] Closing JPA EntityManagerFactory for persistence unit 'default'
2019-10-22 13:09:39 INFO  [com.zaxxer.hikari.HikariDataSource] HikariPool-6 - Shutdown initiated...
2019-10-22 13:09:39 INFO  [com.zaxxer.hikari.HikariDataSource] HikariPool-6 - Shutdown completed.
2019-10-22 13:09:39 INFO  [com.sagereal.provider.ProviderApplication] Starting ProviderApplication on liaowenxing-ThinkStation-P310 with PID 25658 (/home/liaowenxing/workspace/provider/target/classes started by liaowenxing in /home/liaowenxing/workspace/provider)
2019-10-22 13:09:39 INFO  [com.sagereal.provider.ProviderApplication] No active profile set, falling back to default profiles: default
2019-10-22 13:09:39 WARN  [org.mybatis.spring.mapper.ClassPathMapperScanner] No MyBatis mapper was found in '[com.sagereal.provider]' package. Please check your configuration.
2019-10-22 13:09:39 INFO  [org.springframework.data.repository.config.RepositoryConfigurationDelegate] Bootstrapping Spring Data repositories in DEFAULT mode.
2019-10-22 13:09:39 INFO  [org.springframework.data.repository.config.RepositoryConfigurationDelegate] Finished Spring Data repository scanning in 8ms. Found 2 repository interfaces.
2019-10-22 13:09:39 INFO  [org.springframework.context.support.PostProcessorRegistrationDelegate$BeanPostProcessorChecker] Bean 'org.springframework.transaction.annotation.ProxyTransactionManagementConfiguration' of type [org.springframework.transaction.annotation.ProxyTransactionManagementConfiguration$$EnhancerBySpringCGLIB$$cd24429c] is not eligible for getting processed by all BeanPostProcessors (for example: not eligible for auto-proxying)
2019-10-22 13:09:39 INFO  [org.springframework.boot.web.embedded.tomcat.TomcatWebServer] Tomcat initialized with port(s): 8088 (http)
2019-10-22 13:09:39 INFO  [org.apache.catalina.core.StandardService] Starting service [Tomcat]
2019-10-22 13:09:39 INFO  [org.apache.catalina.core.StandardEngine] Starting Servlet engine: [Apache Tomcat/9.0.19]
2019-10-22 13:09:39 INFO  [org.apache.catalina.core.ContainerBase.[Tomcat-2].[localhost].[/provider]] Initializing Spring embedded WebApplicationContext
2019-10-22 13:09:39 INFO  [org.springframework.web.context.ContextLoader] Root WebApplicationContext: initialization completed in 333 ms
2019-10-22 13:09:40 INFO  [com.zaxxer.hikari.HikariDataSource] HikariPool-7 - Starting...
2019-10-22 13:09:40 INFO  [com.zaxxer.hikari.HikariDataSource] HikariPool-7 - Start completed.
2019-10-22 13:09:40 INFO  [org.hibernate.jpa.internal.util.LogHelper] HHH000204: Processing PersistenceUnitInfo [
	name: default
	...]
2019-10-22 13:09:40 INFO  [org.hibernate.dialect.Dialect] HHH000400: Using dialect: org.hibernate.dialect.H2Dialect
2019-10-22 13:09:40 INFO  [org.springframework.orm.jpa.LocalContainerEntityManagerFactoryBean] Initialized JPA EntityManagerFactory for persistence unit 'default'
2019-10-22 13:09:40 INFO  [org.springframework.boot.devtools.autoconfigure.OptionalLiveReloadServer] LiveReload server is running on port 35729
2019-10-22 13:09:40 INFO  [org.hibernate.hql.internal.QueryTranslatorFactoryInitiator] HHH000397: Using ASTQueryTranslatorFactory
2019-10-22 13:09:40 INFO  [org.springframework.scheduling.concurrent.ThreadPoolTaskExecutor] Initializing ExecutorService 'applicationTaskExecutor'
2019-10-22 13:09:40 WARN  [org.springframework.boot.autoconfigure.orm.jpa.JpaBaseConfiguration$JpaWebConfiguration$JpaWebMvcConfiguration] spring.jpa.open-in-view is enabled by default. Therefore, database queries may be performed during view rendering. Explicitly configure spring.jpa.open-in-view to disable this warning
2019-10-22 13:09:40 INFO  [org.springframework.scheduling.concurrent.ThreadPoolTaskScheduler] Initializing ExecutorService 'taskScheduler'
2019-10-22 13:09:40 INFO  [org.springframework.boot.web.embedded.tomcat.TomcatWebServer] Tomcat started on port(s): 8088 (http) with context path '/provider'
2019-10-22 13:09:40 INFO  [com.sagereal.provider.ProviderApplication] Started ProviderApplication in 1.235 seconds (JVM running for 6307.289)
2019-10-22 13:09:40 INFO  [org.springframework.boot.devtools.autoconfigure.ConditionEvaluationDeltaLoggingListener] Condition evaluation unchanged
2019-10-22 13:11:05 INFO  [org.springframework.scheduling.concurrent.ThreadPoolTaskScheduler] Shutting down ExecutorService 'taskScheduler'
2019-10-22 13:11:05 INFO  [org.springframework.scheduling.concurrent.ThreadPoolTaskExecutor] Shutting down ExecutorService 'applicationTaskExecutor'
2019-10-22 13:11:05 INFO  [org.springframework.orm.jpa.LocalContainerEntityManagerFactoryBean] Closing JPA EntityManagerFactory for persistence unit 'default'
2019-10-22 13:11:05 INFO  [com.zaxxer.hikari.HikariDataSource] HikariPool-7 - Shutdown initiated...
2019-10-22 13:11:05 INFO  [com.zaxxer.hikari.HikariDataSource] HikariPool-7 - Shutdown completed.
2019-10-22 13:11:06 INFO  [com.sagereal.provider.ProviderApplication] Starting ProviderApplication on liaowenxing-ThinkStation-P310 with PID 25658 (/home/liaowenxing/workspace/provider/target/classes started by liaowenxing in /home/liaowenxing/workspace/provider)
2019-10-22 13:11:06 INFO  [com.sagereal.provider.ProviderApplication] No active profile set, falling back to default profiles: default
2019-10-22 13:11:06 WARN  [org.mybatis.spring.mapper.ClassPathMapperScanner] No MyBatis mapper was found in '[com.sagereal.provider]' package. Please check your configuration.
2019-10-22 13:11:06 INFO  [org.springframework.data.repository.config.RepositoryConfigurationDelegate] Bootstrapping Spring Data repositories in DEFAULT mode.
2019-10-22 13:11:06 INFO  [org.springframework.data.repository.config.RepositoryConfigurationDelegate] Finished Spring Data repository scanning in 9ms. Found 2 repository interfaces.
2019-10-22 13:11:06 INFO  [org.springframework.context.support.PostProcessorRegistrationDelegate$BeanPostProcessorChecker] Bean 'org.springframework.transaction.annotation.ProxyTransactionManagementConfiguration' of type [org.springframework.transaction.annotation.ProxyTransactionManagementConfiguration$$EnhancerBySpringCGLIB$$cd24429c] is not eligible for getting processed by all BeanPostProcessors (for example: not eligible for auto-proxying)
2019-10-22 13:11:06 INFO  [org.springframework.boot.web.embedded.tomcat.TomcatWebServer] Tomcat initialized with port(s): 8088 (http)
2019-10-22 13:11:06 INFO  [org.apache.catalina.core.StandardService] Starting service [Tomcat]
2019-10-22 13:11:06 INFO  [org.apache.catalina.core.StandardEngine] Starting Servlet engine: [Apache Tomcat/9.0.19]
2019-10-22 13:11:06 INFO  [org.apache.catalina.core.ContainerBase.[Tomcat-2].[localhost].[/provider]] Initializing Spring embedded WebApplicationContext
2019-10-22 13:11:06 INFO  [org.springframework.web.context.ContextLoader] Root WebApplicationContext: initialization completed in 270 ms
2019-10-22 13:11:06 INFO  [com.zaxxer.hikari.HikariDataSource] HikariPool-8 - Starting...
2019-10-22 13:11:06 INFO  [com.zaxxer.hikari.HikariDataSource] HikariPool-8 - Start completed.
2019-10-22 13:11:06 INFO  [org.hibernate.jpa.internal.util.LogHelper] HHH000204: Processing PersistenceUnitInfo [
	name: default
	...]
2019-10-22 13:11:06 INFO  [org.hibernate.dialect.Dialect] HHH000400: Using dialect: org.hibernate.dialect.H2Dialect
2019-10-22 13:11:06 INFO  [org.springframework.orm.jpa.LocalContainerEntityManagerFactoryBean] Initialized JPA EntityManagerFactory for persistence unit 'default'
2019-10-22 13:11:06 INFO  [org.springframework.boot.devtools.autoconfigure.OptionalLiveReloadServer] LiveReload server is running on port 35729
2019-10-22 13:11:06 INFO  [org.hibernate.hql.internal.QueryTranslatorFactoryInitiator] HHH000397: Using ASTQueryTranslatorFactory
2019-10-22 13:11:06 INFO  [org.springframework.scheduling.concurrent.ThreadPoolTaskExecutor] Initializing ExecutorService 'applicationTaskExecutor'
2019-10-22 13:11:06 WARN  [org.springframework.boot.web.servlet.context.AnnotationConfigServletWebServerApplicationContext] Exception encountered during context initialization - cancelling refresh attempt: org.springframework.beans.factory.BeanCreationException: Error creating bean with name 'scheduledTask' defined in file [/home/liaowenxing/workspace/provider/target/classes/com/sagereal/provider/bean/ScheduledTask.class]: Post-processing of merged bean definition failed; nested exception is java.lang.IllegalStateException: Failed to introspect Class [com.sagereal.provider.bean.ScheduledTask] from ClassLoader [org.springframework.boot.devtools.restart.classloader.RestartClassLoader@2374c727]
2019-10-22 13:11:06 INFO  [org.springframework.scheduling.concurrent.ThreadPoolTaskExecutor] Shutting down ExecutorService 'applicationTaskExecutor'
2019-10-22 13:11:06 INFO  [org.springframework.orm.jpa.LocalContainerEntityManagerFactoryBean] Closing JPA EntityManagerFactory for persistence unit 'default'
2019-10-22 13:11:06 INFO  [com.zaxxer.hikari.HikariDataSource] HikariPool-8 - Shutdown initiated...
2019-10-22 13:11:06 INFO  [com.zaxxer.hikari.HikariDataSource] HikariPool-8 - Shutdown completed.
2019-10-22 13:11:06 INFO  [org.apache.catalina.core.StandardService] Stopping service [Tomcat]
2019-10-22 13:11:06 INFO  [org.springframework.boot.autoconfigure.logging.ConditionEvaluationReportLoggingListener] 

Error starting ApplicationContext. To display the conditions report re-run your application with 'debug' enabled.
2019-10-22 13:11:06 ERROR [org.springframework.boot.SpringApplication] Application run failed
org.springframework.beans.factory.BeanCreationException: Error creating bean with name 'scheduledTask' defined in file [/home/liaowenxing/workspace/provider/target/classes/com/sagereal/provider/bean/ScheduledTask.class]: Post-processing of merged bean definition failed; nested exception is java.lang.IllegalStateException: Failed to introspect Class [com.sagereal.provider.bean.ScheduledTask] from ClassLoader [org.springframework.boot.devtools.restart.classloader.RestartClassLoader@2374c727]
	at org.springframework.beans.factory.support.AbstractAutowireCapableBeanFactory.doCreateBean(AbstractAutowireCapableBeanFactory.java:570) ~[spring-beans-5.1.7.RELEASE.jar:5.1.7.RELEASE]
	at org.springframework.beans.factory.support.AbstractAutowireCapableBeanFactory.createBean(AbstractAutowireCapableBeanFactory.java:515) ~[spring-beans-5.1.7.RELEASE.jar:5.1.7.RELEASE]
	at org.springframework.beans.factory.support.AbstractBeanFactory.lambda$doGetBean$0(AbstractBeanFactory.java:320) ~[spring-beans-5.1.7.RELEASE.jar:5.1.7.RELEASE]
	at org.springframework.beans.factory.support.DefaultSingletonBeanRegistry.getSingleton(DefaultSingletonBeanRegistry.java:222) ~[spring-beans-5.1.7.RELEASE.jar:5.1.7.RELEASE]
	at org.springframework.beans.factory.support.AbstractBeanFactory.doGetBean(AbstractBeanFactory.java:318) ~[spring-beans-5.1.7.RELEASE.jar:5.1.7.RELEASE]
	at org.springframework.beans.factory.support.AbstractBeanFactory.getBean(AbstractBeanFactory.java:199) ~[spring-beans-5.1.7.RELEASE.jar:5.1.7.RELEASE]
	at org.springframework.beans.factory.support.DefaultListableBeanFactory.preInstantiateSingletons(DefaultListableBeanFactory.java:843) ~[spring-beans-5.1.7.RELEASE.jar:5.1.7.RELEASE]
	at org.springframework.context.support.AbstractApplicationContext.finishBeanFactoryInitialization(AbstractApplicationContext.java:877) ~[spring-context-5.1.7.RELEASE.jar:5.1.7.RELEASE]
	at org.springframework.context.support.AbstractApplicationContext.refresh(AbstractApplicationContext.java:549) ~[spring-context-5.1.7.RELEASE.jar:5.1.7.RELEASE]
	at org.springframework.boot.web.servlet.context.ServletWebServerApplicationContext.refresh(ServletWebServerApplicationContext.java:142) ~[spring-boot-2.1.5.RELEASE.jar:2.1.5.RELEASE]
	at org.springframework.boot.SpringApplication.refresh(SpringApplication.java:775) [spring-boot-2.1.5.RELEASE.jar:2.1.5.RELEASE]
	at org.springframework.boot.SpringApplication.refreshContext(SpringApplication.java:397) [spring-boot-2.1.5.RELEASE.jar:2.1.5.RELEASE]
	at org.springframework.boot.SpringApplication.run(SpringApplication.java:316) [spring-boot-2.1.5.RELEASE.jar:2.1.5.RELEASE]
	at org.springframework.boot.SpringApplication.run(SpringApplication.java:1260) [spring-boot-2.1.5.RELEASE.jar:2.1.5.RELEASE]
	at org.springframework.boot.SpringApplication.run(SpringApplication.java:1248) [spring-boot-2.1.5.RELEASE.jar:2.1.5.RELEASE]
	at com.sagereal.provider.ProviderApplication.main(ProviderApplication.java:12) [classes/:na]
	at sun.reflect.NativeMethodAccessorImpl.invoke0(Native Method) ~[na:1.8.0_171]
	at sun.reflect.NativeMethodAccessorImpl.invoke(NativeMethodAccessorImpl.java:62) ~[na:1.8.0_171]
	at sun.reflect.DelegatingMethodAccessorImpl.invoke(DelegatingMethodAccessorImpl.java:43) ~[na:1.8.0_171]
	at java.lang.reflect.Method.invoke(Method.java:498) ~[na:1.8.0_171]
	at org.springframework.boot.devtools.restart.RestartLauncher.run(RestartLauncher.java:49) [spring-boot-devtools-2.1.5.RELEASE.jar:2.1.5.RELEASE]
Caused by: java.lang.IllegalStateException: Failed to introspect Class [com.sagereal.provider.bean.ScheduledTask] from ClassLoader [org.springframework.boot.devtools.restart.classloader.RestartClassLoader@2374c727]
	at org.springframework.util.ReflectionUtils.getDeclaredFields(ReflectionUtils.java:760) ~[spring-core-5.1.7.RELEASE.jar:5.1.7.RELEASE]
	at org.springframework.util.ReflectionUtils.doWithLocalFields(ReflectionUtils.java:692) ~[spring-core-5.1.7.RELEASE.jar:5.1.7.RELEASE]
	at org.springframework.orm.jpa.support.PersistenceAnnotationBeanPostProcessor.buildPersistenceMetadata(PersistenceAnnotationBeanPostProcessor.java:422) ~[spring-orm-5.1.7.RELEASE.jar:5.1.7.RELEASE]
	at org.springframework.orm.jpa.support.PersistenceAnnotationBeanPostProcessor.findPersistenceMetadata(PersistenceAnnotationBeanPostProcessor.java:406) ~[spring-orm-5.1.7.RELEASE.jar:5.1.7.RELEASE]
	at org.springframework.orm.jpa.support.PersistenceAnnotationBeanPostProcessor.postProcessMergedBeanDefinition(PersistenceAnnotationBeanPostProcessor.java:333) ~[spring-orm-5.1.7.RELEASE.jar:5.1.7.RELEASE]
	at org.springframework.beans.factory.support.AbstractAutowireCapableBeanFactory.applyMergedBeanDefinitionPostProcessors(AbstractAutowireCapableBeanFactory.java:1077) ~[spring-beans-5.1.7.RELEASE.jar:5.1.7.RELEASE]
	at org.springframework.beans.factory.support.AbstractAutowireCapableBeanFactory.doCreateBean(AbstractAutowireCapableBeanFactory.java:567) ~[spring-beans-5.1.7.RELEASE.jar:5.1.7.RELEASE]
	... 20 common frames omitted
Caused by: java.lang.NoClassDefFoundError: Lcom/sagereal/provider/service/IssueService;
	at java.lang.Class.getDeclaredFields0(Native Method) ~[na:1.8.0_171]
	at java.lang.Class.privateGetDeclaredFields(Class.java:2583) ~[na:1.8.0_171]
	at java.lang.Class.getDeclaredFields(Class.java:1916) ~[na:1.8.0_171]
	at org.springframework.util.ReflectionUtils.getDeclaredFields(ReflectionUtils.java:755) ~[spring-core-5.1.7.RELEASE.jar:5.1.7.RELEASE]
	... 26 common frames omitted
Caused by: java.lang.ClassNotFoundException: com.sagereal.provider.service.IssueService
	at java.net.URLClassLoader.findClass(URLClassLoader.java:381) ~[na:1.8.0_171]
	at java.lang.ClassLoader.loadClass(ClassLoader.java:424) ~[na:1.8.0_171]
	at sun.misc.Launcher$AppClassLoader.loadClass(Launcher.java:349) ~[na:1.8.0_171]
	at java.lang.ClassLoader.loadClass(ClassLoader.java:357) ~[na:1.8.0_171]
	at org.springframework.boot.devtools.restart.classloader.RestartClassLoader.loadClass(RestartClassLoader.java:148) ~[spring-boot-devtools-2.1.5.RELEASE.jar:2.1.5.RELEASE]
	at java.lang.ClassLoader.loadClass(ClassLoader.java:357) ~[na:1.8.0_171]
	... 30 common frames omitted
2019-10-22 13:34:06 INFO  [com.sagereal.provider.ProviderApplication] Starting ProviderApplication on liaowenxing-ThinkStation-P310 with PID 31873 (/home/liaowenxing/workspace/provider/target/classes started by liaowenxing in /home/liaowenxing/workspace/provider)
2019-10-22 13:34:06 INFO  [com.sagereal.provider.ProviderApplication] No active profile set, falling back to default profiles: default
2019-10-22 13:34:07 INFO  [org.springframework.boot.devtools.env.DevToolsPropertyDefaultsPostProcessor] Devtools property defaults active! Set 'spring.devtools.add-properties' to 'false' to disable
2019-10-22 13:34:07 INFO  [org.springframework.boot.devtools.env.DevToolsPropertyDefaultsPostProcessor] For additional web related logging consider setting the 'logging.level.web' property to 'DEBUG'
2019-10-22 13:34:08 WARN  [org.mybatis.spring.mapper.ClassPathMapperScanner] No MyBatis mapper was found in '[com.sagereal.provider]' package. Please check your configuration.
2019-10-22 13:34:08 INFO  [org.springframework.data.repository.config.RepositoryConfigurationDelegate] Bootstrapping Spring Data repositories in DEFAULT mode.
2019-10-22 13:34:08 INFO  [org.springframework.data.repository.config.RepositoryConfigurationDelegate] Finished Spring Data repository scanning in 76ms. Found 2 repository interfaces.
2019-10-22 13:34:08 INFO  [org.springframework.context.support.PostProcessorRegistrationDelegate$BeanPostProcessorChecker] Bean 'org.springframework.transaction.annotation.ProxyTransactionManagementConfiguration' of type [org.springframework.transaction.annotation.ProxyTransactionManagementConfiguration$$EnhancerBySpringCGLIB$$d759c9ec] is not eligible for getting processed by all BeanPostProcessors (for example: not eligible for auto-proxying)
2019-10-22 13:34:09 INFO  [org.springframework.boot.web.embedded.tomcat.TomcatWebServer] Tomcat initialized with port(s): 8088 (http)
2019-10-22 13:34:09 INFO  [org.apache.catalina.core.StandardService] Starting service [Tomcat]
2019-10-22 13:34:09 INFO  [org.apache.catalina.core.StandardEngine] Starting Servlet engine: [Apache Tomcat/9.0.19]
2019-10-22 13:34:09 INFO  [org.apache.catalina.core.ContainerBase.[Tomcat].[localhost].[/provider]] Initializing Spring embedded WebApplicationContext
2019-10-22 13:34:09 INFO  [org.springframework.web.context.ContextLoader] Root WebApplicationContext: initialization completed in 1977 ms
2019-10-22 13:34:09 INFO  [com.zaxxer.hikari.HikariDataSource] HikariPool-1 - Starting...
2019-10-22 13:34:09 INFO  [com.zaxxer.hikari.HikariDataSource] HikariPool-1 - Start completed.
2019-10-22 13:34:09 INFO  [org.hibernate.jpa.internal.util.LogHelper] HHH000204: Processing PersistenceUnitInfo [
	name: default
	...]
2019-10-22 13:34:09 INFO  [org.hibernate.Version] HHH000412: Hibernate Core {5.3.10.Final}
2019-10-22 13:34:09 INFO  [org.hibernate.cfg.Environment] HHH000206: hibernate.properties not found
2019-10-22 13:34:09 INFO  [org.hibernate.annotations.common.Version] HCANN000001: Hibernate Commons Annotations {5.0.4.Final}
2019-10-22 13:34:09 INFO  [org.hibernate.dialect.Dialect] HHH000400: Using dialect: org.hibernate.dialect.H2Dialect
2019-10-22 13:34:10 INFO  [org.springframework.orm.jpa.LocalContainerEntityManagerFactoryBean] Initialized JPA EntityManagerFactory for persistence unit 'default'
2019-10-22 13:34:10 INFO  [org.springframework.boot.devtools.autoconfigure.OptionalLiveReloadServer] LiveReload server is running on port 35729
2019-10-22 13:34:11 INFO  [org.hibernate.hql.internal.QueryTranslatorFactoryInitiator] HHH000397: Using ASTQueryTranslatorFactory
2019-10-22 13:34:11 INFO  [org.springframework.scheduling.concurrent.ThreadPoolTaskExecutor] Initializing ExecutorService 'applicationTaskExecutor'
2019-10-22 13:34:11 WARN  [org.springframework.boot.autoconfigure.orm.jpa.JpaBaseConfiguration$JpaWebConfiguration$JpaWebMvcConfiguration] spring.jpa.open-in-view is enabled by default. Therefore, database queries may be performed during view rendering. Explicitly configure spring.jpa.open-in-view to disable this warning
2019-10-22 13:34:11 INFO  [org.springframework.scheduling.concurrent.ThreadPoolTaskScheduler] Initializing ExecutorService 'taskScheduler'
2019-10-22 13:34:11 INFO  [org.springframework.boot.web.embedded.tomcat.TomcatWebServer] Tomcat started on port(s): 8088 (http) with context path '/provider'
2019-10-22 13:34:11 INFO  [com.sagereal.provider.ProviderApplication] Started ProviderApplication in 5.404 seconds (JVM running for 6.059)
2019-10-22 13:34:27 INFO  [org.apache.catalina.core.ContainerBase.[Tomcat].[localhost].[/provider]] Initializing Spring DispatcherServlet 'dispatcherServlet'
2019-10-22 13:34:27 INFO  [org.springframework.web.servlet.DispatcherServlet] Initializing Servlet 'dispatcherServlet'
2019-10-22 13:34:27 INFO  [org.springframework.web.servlet.DispatcherServlet] Completed initialization in 26 ms
2019-10-22 13:35:44 INFO  [org.springframework.scheduling.concurrent.ThreadPoolTaskScheduler] Shutting down ExecutorService 'taskScheduler'
2019-10-22 13:35:44 INFO  [org.springframework.scheduling.concurrent.ThreadPoolTaskExecutor] Shutting down ExecutorService 'applicationTaskExecutor'
2019-10-22 13:35:44 INFO  [org.springframework.orm.jpa.LocalContainerEntityManagerFactoryBean] Closing JPA EntityManagerFactory for persistence unit 'default'
2019-10-22 13:35:44 INFO  [com.zaxxer.hikari.HikariDataSource] HikariPool-1 - Shutdown initiated...
2019-10-22 13:35:44 INFO  [com.zaxxer.hikari.HikariDataSource] HikariPool-1 - Shutdown completed.
2019-10-22 13:35:45 INFO  [com.sagereal.provider.ProviderApplication] Starting ProviderApplication on liaowenxing-ThinkStation-P310 with PID 31873 (/home/liaowenxing/workspace/provider/target/classes started by liaowenxing in /home/liaowenxing/workspace/provider)
2019-10-22 13:35:45 INFO  [com.sagereal.provider.ProviderApplication] No active profile set, falling back to default profiles: default
2019-10-22 13:35:45 WARN  [org.mybatis.spring.mapper.ClassPathMapperScanner] No MyBatis mapper was found in '[com.sagereal.provider]' package. Please check your configuration.
2019-10-22 13:35:45 INFO  [org.springframework.data.repository.config.RepositoryConfigurationDelegate] Bootstrapping Spring Data repositories in DEFAULT mode.
2019-10-22 13:35:45 INFO  [org.springframework.data.repository.config.RepositoryConfigurationDelegate] Finished Spring Data repository scanning in 7ms. Found 2 repository interfaces.
2019-10-22 13:35:45 INFO  [org.springframework.context.support.PostProcessorRegistrationDelegate$BeanPostProcessorChecker] Bean 'org.springframework.transaction.annotation.ProxyTransactionManagementConfiguration' of type [org.springframework.transaction.annotation.ProxyTransactionManagementConfiguration$$EnhancerBySpringCGLIB$$d759c9ec] is not eligible for getting processed by all BeanPostProcessors (for example: not eligible for auto-proxying)
2019-10-22 13:35:45 INFO  [org.springframework.boot.web.embedded.tomcat.TomcatWebServer] Tomcat initialized with port(s): 8088 (http)
2019-10-22 13:35:45 INFO  [org.apache.catalina.core.StandardService] Starting service [Tomcat]
2019-10-22 13:35:45 INFO  [org.apache.catalina.core.StandardEngine] Starting Servlet engine: [Apache Tomcat/9.0.19]
2019-10-22 13:35:45 INFO  [org.apache.catalina.core.ContainerBase.[Tomcat].[localhost].[/provider]] Initializing Spring embedded WebApplicationContext
2019-10-22 13:35:45 INFO  [org.springframework.web.context.ContextLoader] Root WebApplicationContext: initialization completed in 280 ms
2019-10-22 13:35:45 INFO  [com.zaxxer.hikari.HikariDataSource] HikariPool-2 - Starting...
2019-10-22 13:35:45 INFO  [com.zaxxer.hikari.HikariDataSource] HikariPool-2 - Start completed.
2019-10-22 13:35:45 INFO  [org.hibernate.jpa.internal.util.LogHelper] HHH000204: Processing PersistenceUnitInfo [
	name: default
	...]
2019-10-22 13:35:45 INFO  [org.hibernate.dialect.Dialect] HHH000400: Using dialect: org.hibernate.dialect.H2Dialect
2019-10-22 13:35:45 INFO  [org.springframework.orm.jpa.LocalContainerEntityManagerFactoryBean] Initialized JPA EntityManagerFactory for persistence unit 'default'
2019-10-22 13:35:45 INFO  [org.springframework.boot.devtools.autoconfigure.OptionalLiveReloadServer] LiveReload server is running on port 35729
2019-10-22 13:35:45 INFO  [org.hibernate.hql.internal.QueryTranslatorFactoryInitiator] HHH000397: Using ASTQueryTranslatorFactory
2019-10-22 13:35:45 INFO  [org.springframework.scheduling.concurrent.ThreadPoolTaskExecutor] Initializing ExecutorService 'applicationTaskExecutor'
2019-10-22 13:35:45 WARN  [org.springframework.boot.web.servlet.context.AnnotationConfigServletWebServerApplicationContext] Exception encountered during context initialization - cancelling refresh attempt: org.springframework.beans.factory.BeanCreationException: Error creating bean with name 'scheduledTask' defined in file [/home/liaowenxing/workspace/provider/target/classes/com/sagereal/provider/bean/ScheduledTask.class]: Post-processing of merged bean definition failed; nested exception is java.lang.IllegalStateException: Failed to introspect Class [com.sagereal.provider.bean.ScheduledTask] from ClassLoader [org.springframework.boot.devtools.restart.classloader.RestartClassLoader@5bd5d1e1]
2019-10-22 13:35:45 INFO  [org.springframework.scheduling.concurrent.ThreadPoolTaskExecutor] Shutting down ExecutorService 'applicationTaskExecutor'
2019-10-22 13:35:45 INFO  [org.springframework.orm.jpa.LocalContainerEntityManagerFactoryBean] Closing JPA EntityManagerFactory for persistence unit 'default'
2019-10-22 13:35:45 INFO  [com.zaxxer.hikari.HikariDataSource] HikariPool-2 - Shutdown initiated...
2019-10-22 13:35:45 INFO  [com.zaxxer.hikari.HikariDataSource] HikariPool-2 - Shutdown completed.
2019-10-22 13:35:45 INFO  [org.apache.catalina.core.StandardService] Stopping service [Tomcat]
2019-10-22 13:35:45 INFO  [org.springframework.boot.autoconfigure.logging.ConditionEvaluationReportLoggingListener] 

Error starting ApplicationContext. To display the conditions report re-run your application with 'debug' enabled.
2019-10-22 13:35:45 ERROR [org.springframework.boot.SpringApplication] Application run failed
org.springframework.beans.factory.BeanCreationException: Error creating bean with name 'scheduledTask' defined in file [/home/liaowenxing/workspace/provider/target/classes/com/sagereal/provider/bean/ScheduledTask.class]: Post-processing of merged bean definition failed; nested exception is java.lang.IllegalStateException: Failed to introspect Class [com.sagereal.provider.bean.ScheduledTask] from ClassLoader [org.springframework.boot.devtools.restart.classloader.RestartClassLoader@5bd5d1e1]
	at org.springframework.beans.factory.support.AbstractAutowireCapableBeanFactory.doCreateBean(AbstractAutowireCapableBeanFactory.java:570) ~[spring-beans-5.1.7.RELEASE.jar:5.1.7.RELEASE]
	at org.springframework.beans.factory.support.AbstractAutowireCapableBeanFactory.createBean(AbstractAutowireCapableBeanFactory.java:515) ~[spring-beans-5.1.7.RELEASE.jar:5.1.7.RELEASE]
	at org.springframework.beans.factory.support.AbstractBeanFactory.lambda$doGetBean$0(AbstractBeanFactory.java:320) ~[spring-beans-5.1.7.RELEASE.jar:5.1.7.RELEASE]
	at org.springframework.beans.factory.support.DefaultSingletonBeanRegistry.getSingleton(DefaultSingletonBeanRegistry.java:222) ~[spring-beans-5.1.7.RELEASE.jar:5.1.7.RELEASE]
	at org.springframework.beans.factory.support.AbstractBeanFactory.doGetBean(AbstractBeanFactory.java:318) ~[spring-beans-5.1.7.RELEASE.jar:5.1.7.RELEASE]
	at org.springframework.beans.factory.support.AbstractBeanFactory.getBean(AbstractBeanFactory.java:199) ~[spring-beans-5.1.7.RELEASE.jar:5.1.7.RELEASE]
	at org.springframework.beans.factory.support.DefaultListableBeanFactory.preInstantiateSingletons(DefaultListableBeanFactory.java:843) ~[spring-beans-5.1.7.RELEASE.jar:5.1.7.RELEASE]
	at org.springframework.context.support.AbstractApplicationContext.finishBeanFactoryInitialization(AbstractApplicationContext.java:877) ~[spring-context-5.1.7.RELEASE.jar:5.1.7.RELEASE]
	at org.springframework.context.support.AbstractApplicationContext.refresh(AbstractApplicationContext.java:549) ~[spring-context-5.1.7.RELEASE.jar:5.1.7.RELEASE]
	at org.springframework.boot.web.servlet.context.ServletWebServerApplicationContext.refresh(ServletWebServerApplicationContext.java:142) ~[spring-boot-2.1.5.RELEASE.jar:2.1.5.RELEASE]
	at org.springframework.boot.SpringApplication.refresh(SpringApplication.java:775) [spring-boot-2.1.5.RELEASE.jar:2.1.5.RELEASE]
	at org.springframework.boot.SpringApplication.refreshContext(SpringApplication.java:397) [spring-boot-2.1.5.RELEASE.jar:2.1.5.RELEASE]
	at org.springframework.boot.SpringApplication.run(SpringApplication.java:316) [spring-boot-2.1.5.RELEASE.jar:2.1.5.RELEASE]
	at org.springframework.boot.SpringApplication.run(SpringApplication.java:1260) [spring-boot-2.1.5.RELEASE.jar:2.1.5.RELEASE]
	at org.springframework.boot.SpringApplication.run(SpringApplication.java:1248) [spring-boot-2.1.5.RELEASE.jar:2.1.5.RELEASE]
	at com.sagereal.provider.ProviderApplication.main(ProviderApplication.java:12) [classes/:na]
	at sun.reflect.NativeMethodAccessorImpl.invoke0(Native Method) ~[na:1.8.0_171]
	at sun.reflect.NativeMethodAccessorImpl.invoke(NativeMethodAccessorImpl.java:62) ~[na:1.8.0_171]
	at sun.reflect.DelegatingMethodAccessorImpl.invoke(DelegatingMethodAccessorImpl.java:43) ~[na:1.8.0_171]
	at java.lang.reflect.Method.invoke(Method.java:498) ~[na:1.8.0_171]
	at org.springframework.boot.devtools.restart.RestartLauncher.run(RestartLauncher.java:49) [spring-boot-devtools-2.1.5.RELEASE.jar:2.1.5.RELEASE]
Caused by: java.lang.IllegalStateException: Failed to introspect Class [com.sagereal.provider.bean.ScheduledTask] from ClassLoader [org.springframework.boot.devtools.restart.classloader.RestartClassLoader@5bd5d1e1]
	at org.springframework.util.ReflectionUtils.getDeclaredFields(ReflectionUtils.java:760) ~[spring-core-5.1.7.RELEASE.jar:5.1.7.RELEASE]
	at org.springframework.util.ReflectionUtils.doWithLocalFields(ReflectionUtils.java:692) ~[spring-core-5.1.7.RELEASE.jar:5.1.7.RELEASE]
	at org.springframework.orm.jpa.support.PersistenceAnnotationBeanPostProcessor.buildPersistenceMetadata(PersistenceAnnotationBeanPostProcessor.java:422) ~[spring-orm-5.1.7.RELEASE.jar:5.1.7.RELEASE]
	at org.springframework.orm.jpa.support.PersistenceAnnotationBeanPostProcessor.findPersistenceMetadata(PersistenceAnnotationBeanPostProcessor.java:406) ~[spring-orm-5.1.7.RELEASE.jar:5.1.7.RELEASE]
	at org.springframework.orm.jpa.support.PersistenceAnnotationBeanPostProcessor.postProcessMergedBeanDefinition(PersistenceAnnotationBeanPostProcessor.java:333) ~[spring-orm-5.1.7.RELEASE.jar:5.1.7.RELEASE]
	at org.springframework.beans.factory.support.AbstractAutowireCapableBeanFactory.applyMergedBeanDefinitionPostProcessors(AbstractAutowireCapableBeanFactory.java:1077) ~[spring-beans-5.1.7.RELEASE.jar:5.1.7.RELEASE]
	at org.springframework.beans.factory.support.AbstractAutowireCapableBeanFactory.doCreateBean(AbstractAutowireCapableBeanFactory.java:567) ~[spring-beans-5.1.7.RELEASE.jar:5.1.7.RELEASE]
	... 20 common frames omitted
Caused by: java.lang.NoClassDefFoundError: Lcom/sagereal/provider/service/IssueService;
	at java.lang.Class.getDeclaredFields0(Native Method) ~[na:1.8.0_171]
	at java.lang.Class.privateGetDeclaredFields(Class.java:2583) ~[na:1.8.0_171]
	at java.lang.Class.getDeclaredFields(Class.java:1916) ~[na:1.8.0_171]
	at org.springframework.util.ReflectionUtils.getDeclaredFields(ReflectionUtils.java:755) ~[spring-core-5.1.7.RELEASE.jar:5.1.7.RELEASE]
	... 26 common frames omitted
Caused by: java.lang.ClassNotFoundException: com.sagereal.provider.service.IssueService
	at java.net.URLClassLoader.findClass(URLClassLoader.java:381) ~[na:1.8.0_171]
	at java.lang.ClassLoader.loadClass(ClassLoader.java:424) ~[na:1.8.0_171]
	at sun.misc.Launcher$AppClassLoader.loadClass(Launcher.java:349) ~[na:1.8.0_171]
	at java.lang.ClassLoader.loadClass(ClassLoader.java:357) ~[na:1.8.0_171]
	at org.springframework.boot.devtools.restart.classloader.RestartClassLoader.loadClass(RestartClassLoader.java:148) ~[spring-boot-devtools-2.1.5.RELEASE.jar:2.1.5.RELEASE]
	at java.lang.ClassLoader.loadClass(ClassLoader.java:357) ~[na:1.8.0_171]
	... 30 common frames omitted
2019-10-22 13:38:40 INFO  [com.sagereal.provider.ProviderApplication] Starting ProviderApplication on liaowenxing-ThinkStation-P310 with PID 32332 (/home/liaowenxing/workspace/provider/target/classes started by liaowenxing in /home/liaowenxing/workspace/provider)
2019-10-22 13:38:40 INFO  [com.sagereal.provider.ProviderApplication] No active profile set, falling back to default profiles: default
2019-10-22 13:38:40 INFO  [org.springframework.boot.devtools.env.DevToolsPropertyDefaultsPostProcessor] Devtools property defaults active! Set 'spring.devtools.add-properties' to 'false' to disable
2019-10-22 13:38:40 INFO  [org.springframework.boot.devtools.env.DevToolsPropertyDefaultsPostProcessor] For additional web related logging consider setting the 'logging.level.web' property to 'DEBUG'
2019-10-22 13:38:41 WARN  [org.mybatis.spring.mapper.ClassPathMapperScanner] No MyBatis mapper was found in '[com.sagereal.provider]' package. Please check your configuration.
2019-10-22 13:38:42 INFO  [org.springframework.data.repository.config.RepositoryConfigurationDelegate] Bootstrapping Spring Data repositories in DEFAULT mode.
2019-10-22 13:38:42 INFO  [org.springframework.data.repository.config.RepositoryConfigurationDelegate] Finished Spring Data repository scanning in 28ms. Found 2 repository interfaces.
2019-10-22 13:38:42 INFO  [org.springframework.context.support.PostProcessorRegistrationDelegate$BeanPostProcessorChecker] Bean 'org.springframework.transaction.annotation.ProxyTransactionManagementConfiguration' of type [org.springframework.transaction.annotation.ProxyTransactionManagementConfiguration$$EnhancerBySpringCGLIB$$1c5901ef] is not eligible for getting processed by all BeanPostProcessors (for example: not eligible for auto-proxying)
2019-10-22 13:38:42 INFO  [org.springframework.boot.web.embedded.tomcat.TomcatWebServer] Tomcat initialized with port(s): 8088 (http)
2019-10-22 13:38:42 INFO  [org.apache.catalina.core.StandardService] Starting service [Tomcat]
2019-10-22 13:38:42 INFO  [org.apache.catalina.core.StandardEngine] Starting Servlet engine: [Apache Tomcat/9.0.19]
2019-10-22 13:38:43 INFO  [org.apache.catalina.core.ContainerBase.[Tomcat].[localhost].[/provider]] Initializing Spring embedded WebApplicationContext
2019-10-22 13:38:43 INFO  [org.springframework.web.context.ContextLoader] Root WebApplicationContext: initialization completed in 2728 ms
2019-10-22 13:38:43 INFO  [com.zaxxer.hikari.HikariDataSource] HikariPool-1 - Starting...
2019-10-22 13:38:43 INFO  [com.zaxxer.hikari.HikariDataSource] HikariPool-1 - Start completed.
2019-10-22 13:38:43 INFO  [org.hibernate.jpa.internal.util.LogHelper] HHH000204: Processing PersistenceUnitInfo [
	name: default
	...]
2019-10-22 13:38:43 INFO  [org.hibernate.Version] HHH000412: Hibernate Core {5.3.10.Final}
2019-10-22 13:38:43 INFO  [org.hibernate.cfg.Environment] HHH000206: hibernate.properties not found
2019-10-22 13:38:43 INFO  [org.hibernate.annotations.common.Version] HCANN000001: Hibernate Commons Annotations {5.0.4.Final}
2019-10-22 13:38:43 INFO  [org.hibernate.dialect.Dialect] HHH000400: Using dialect: org.hibernate.dialect.H2Dialect
2019-10-22 13:38:44 INFO  [org.springframework.orm.jpa.LocalContainerEntityManagerFactoryBean] Initialized JPA EntityManagerFactory for persistence unit 'default'
2019-10-22 13:38:44 INFO  [org.springframework.boot.devtools.autoconfigure.OptionalLiveReloadServer] LiveReload server is running on port 35729
2019-10-22 13:38:44 INFO  [org.hibernate.hql.internal.QueryTranslatorFactoryInitiator] HHH000397: Using ASTQueryTranslatorFactory
2019-10-22 13:38:44 INFO  [org.springframework.scheduling.concurrent.ThreadPoolTaskExecutor] Initializing ExecutorService 'applicationTaskExecutor'
2019-10-22 13:38:44 WARN  [org.springframework.boot.autoconfigure.orm.jpa.JpaBaseConfiguration$JpaWebConfiguration$JpaWebMvcConfiguration] spring.jpa.open-in-view is enabled by default. Therefore, database queries may be performed during view rendering. Explicitly configure spring.jpa.open-in-view to disable this warning
2019-10-22 13:38:44 INFO  [org.springframework.scheduling.concurrent.ThreadPoolTaskScheduler] Initializing ExecutorService 'taskScheduler'
2019-10-22 13:38:44 INFO  [org.springframework.boot.web.embedded.tomcat.TomcatWebServer] Tomcat started on port(s): 8088 (http) with context path '/provider'
2019-10-22 13:38:44 INFO  [com.sagereal.provider.ProviderApplication] Started ProviderApplication in 4.805 seconds (JVM running for 5.898)
2019-10-22 13:39:04 INFO  [org.apache.catalina.core.ContainerBase.[Tomcat].[localhost].[/provider]] Initializing Spring DispatcherServlet 'dispatcherServlet'
2019-10-22 13:39:04 INFO  [org.springframework.web.servlet.DispatcherServlet] Initializing Servlet 'dispatcherServlet'
2019-10-22 13:39:04 INFO  [org.springframework.web.servlet.DispatcherServlet] Completed initialization in 14 ms
2019-10-22 14:30:30 INFO  [com.sagereal.provider.bean.ScheduledTask] 定时任务执行Tue Oct 22 14:30:30 CST 2019
2019-10-22 15:30:28 INFO  [com.sagereal.provider.bean.ScheduledTask] 定时任务执行Tue Oct 22 15:30:28 CST 2019
2019-10-22 16:00:55 INFO  [org.springframework.scheduling.concurrent.ThreadPoolTaskScheduler] Shutting down ExecutorService 'taskScheduler'
2019-10-22 16:00:55 INFO  [org.springframework.scheduling.concurrent.ThreadPoolTaskExecutor] Shutting down ExecutorService 'applicationTaskExecutor'
2019-10-22 16:00:55 INFO  [org.springframework.orm.jpa.LocalContainerEntityManagerFactoryBean] Closing JPA EntityManagerFactory for persistence unit 'default'
2019-10-22 16:00:55 INFO  [com.zaxxer.hikari.HikariDataSource] HikariPool-1 - Shutdown initiated...
2019-10-22 16:00:55 INFO  [com.zaxxer.hikari.HikariDataSource] HikariPool-1 - Shutdown completed.
